#
# There is insufficient memory for the Java Runtime Environment to continue.
# Native memory allocation (malloc) failed to allocate 56623104 bytes for committing reserved memory.
# Possible reasons:
#   The system is out of physical RAM or swap space
#   In 32 bit mode, the process size limit was hit
# Possible solutions:
#   Reduce memory load on the system
#   Increase physical memory or swap space
#   Check if swap backing store is full
#   Use 64 bit Java on a 64 bit OS
#   Decrease Java heap size (-Xmx/-Xms)
#   Decrease number of Java threads
#   Decrease Java thread stack sizes (-Xss)
#   Set larger code cache with -XX:ReservedCodeCacheSize=
# This output file may be truncated or incomplete.
#
#  Out of Memory Error (os_linux.cpp:2827), pid=22356, tid=140429257340672
#
# JRE version: OpenJDK Runtime Environment (7.0_95) (build 1.7.0_95-b00)
# Java VM: OpenJDK 64-Bit Server VM (24.95-b01 mixed mode linux-amd64 compressed oops)
# Derivative: IcedTea 2.6.4
# Distribution: Ubuntu Xenial Xerus (development branch), package 7u95-2.6.4-3
# Failed to write core dump. Core dumps have been disabled. To enable core dumping, try "ulimit -c unlimited" before starting Java again
#

---------------  T H R E A D  ---------------

Current thread (0x00007fb84c075800):  VMThread [stack: 0x00007fb83beff000,0x00007fb83c000000] [id=22368]

Stack: [0x00007fb83beff000,0x00007fb83c000000],  sp=0x00007fb83bffe4f0,  free space=1021k
Native frames: (J=compiled Java code, j=interpreted, Vv=VM code, C=native code)
V  [libjvm.so+0x9937b3]
V  [libjvm.so+0x48a37f]
V  [libjvm.so+0x80060b]
V  [libjvm.so+0x7fa9fe]
V  [libjvm.so+0x870e66]
V  [libjvm.so+0x8727c3]
V  [libjvm.so+0x86ea28]
V  [libjvm.so+0x86ed0c]
V  [libjvm.so+0x823fa3]
V  [libjvm.so+0x995252]
V  [libjvm.so+0x999f97]
V  [libjvm.so+0x997828]
V  [libjvm.so+0x998b9f]
V  [libjvm.so+0x999091]
V  [libjvm.so+0x7fd532]

VM_Operation (0x00007fb85602efb0): ParallelGCFailedAllocation, mode: safepoint, requested by thread 0x00007fb84c00a000


---------------  P R O C E S S  ---------------

Java Threads: ( => current thread )
  0x00007fb84cfcd000 JavaThread "process reaper" daemon [_thread_blocked, id=22389, stack(0x00007fb83892d000,0x00007fb838966000)]
  0x00007fb84c4be800 JavaThread "pool-1-thread-1" [_thread_blocked, id=22387, stack(0x00007fb838967000,0x00007fb838a68000)]
  0x00007fb84c0a6800 JavaThread "Service Thread" daemon [_thread_blocked, id=22374, stack(0x00007fb83b621000,0x00007fb83b722000)]
  0x00007fb84c0a4000 JavaThread "C2 CompilerThread1" daemon [_thread_blocked, id=22373, stack(0x00007fb83b722000,0x00007fb83b823000)]
  0x00007fb84c0a1000 JavaThread "C2 CompilerThread0" daemon [_thread_blocked, id=22372, stack(0x00007fb83b823000,0x00007fb83b924000)]
  0x00007fb84c09f000 JavaThread "Signal Dispatcher" daemon [_thread_blocked, id=22371, stack(0x00007fb83b924000,0x00007fb83ba25000)]
  0x00007fb84c07c000 JavaThread "Finalizer" daemon [_thread_blocked, id=22370, stack(0x00007fb83bcfd000,0x00007fb83bdfe000)]
  0x00007fb84c07a000 JavaThread "Reference Handler" daemon [_thread_blocked, id=22369, stack(0x00007fb83bdfe000,0x00007fb83beff000)]
  0x00007fb84c00a000 JavaThread "main" [_thread_blocked, id=22363, stack(0x00007fb855f36000,0x00007fb856037000)]

Other Threads:
=>0x00007fb84c075800 VMThread [stack: 0x00007fb83beff000,0x00007fb83c000000] [id=22368]
  0x00007fb84c0b1000 WatcherThread [stack: 0x00007fb83b520000,0x00007fb83b621000] [id=22375]

VM state:at safepoint (normal execution)

VM Mutex/Monitor currently owned by a thread:  ([mutex/lock_event])
[0x00007fb84c0063f0] Threads_lock - owner thread: 0x00007fb84c075800
[0x00007fb84c0068f0] Heap_lock - owner thread: 0x00007fb84c00a000

Heap
 PSYoungGen      total 59904K, used 7679K [0x00000000eef00000, 0x00000000f3200000, 0x0000000100000000)
  eden space 52224K, 0% used [0x00000000eef00000,0x00000000eef00000,0x00000000f2200000)
  from space 7680K, 99% used [0x00000000f2200000,0x00000000f297fe60,0x00000000f2980000)
  to   space 6656K, 0% used [0x00000000f2980000,0x00000000f2980000,0x00000000f3000000)
 ParOldGen       total 34816K, used 8542K [0x00000000cce00000, 0x00000000cf000000, 0x00000000eef00000)
  object space 34816K, 24% used [0x00000000cce00000,0x00000000cd657a40,0x00000000cf000000)
 PSPermGen       total 23040K, used 22835K [0x00000000c2800000, 0x00000000c3e80000, 0x00000000cce00000)
  object space 23040K, 99% used [0x00000000c2800000,0x00000000c3e4cc70,0x00000000c3e80000)

Card table byte_map: [0x00007fb8528d9000,0x00007fb852ac6000] byte_map_base: 0x00007fb8522c5000

Polling page: 0x00007fb856059000

Code Cache  [0x00007fb849000000, 0x00007fb849270000, 0x00007fb84c000000)
 total_blobs=805 nmethods=252 adapters=506 free_code_cache=47226Kb largest_free_block=48328384

Compilation events (10 events):
Event: 9.406 Thread 0x00007fb84c0a4000  268             sun.reflect.ReflectionFactory::langReflectAccess (15 bytes)
Event: 9.407 Thread 0x00007fb84c0a4000 nmethod 268 0x00007fb8491d7390 code [0x00007fb8491d74c0, 0x00007fb8491d7538]
Event: 9.414 Thread 0x00007fb84c0a4000  269             java.util.AbstractList::<init> (10 bytes)
Event: 9.415 Thread 0x00007fb84c0a4000 nmethod 269 0x00007fb8491d7190 code [0x00007fb8491d72c0, 0x00007fb8491d7318]
Event: 9.469 Thread 0x00007fb84c0a4000  270             java.lang.reflect.ReflectAccess::copyMethod (5 bytes)
Event: 9.473 Thread 0x00007fb84c0a4000 nmethod 270 0x00007fb8491d6d50 code [0x00007fb8491d6ea0, 0x00007fb8491d7018]
Event: 9.473 Thread 0x00007fb84c0a4000  271             org.objectweb.asm.Type::getArgumentsAndReturnSizes (151 bytes)
Event: 9.489 Thread 0x00007fb84c0a4000 nmethod 271 0x00007fb8491db390 code [0x00007fb8491db520, 0x00007fb8491dba58]
Event: 9.634 Thread 0x00007fb84c0a1000  272             java.util.concurrent.locks.AbstractOwnableSynchronizer::setExclusiveOwnerThread (6 bytes)
Event: 9.638 Thread 0x00007fb84c0a1000 nmethod 272 0x00007fb8491daf90 code [0x00007fb8491db0c0, 0x00007fb8491db138]

GC Heap History (10 events):
Event: 2.932 GC heap after
Heap after GC invocations=2 (full 0):
 PSYoungGen      total 15360K, used 2037K [0x00000000eef00000, 0x00000000f0000000, 0x0000000100000000)
  eden space 13312K, 0% used [0x00000000eef00000,0x00000000eef00000,0x00000000efc00000)
  from space 2048K, 99% used [0x00000000efe00000,0x00000000efffd690,0x00000000f0000000)
  to   space 2048K, 0% used [0x00000000efc00000,0x00000000efc00000,0x00000000efe00000)
 ParOldGen       total 34816K, used 1594K [0x00000000cce00000, 0x00000000cf000000, 0x00000000eef00000)
  object space 34816K, 4% used [0x00000000cce00000,0x00000000ccf8e8b8,0x00000000cf000000)
 PSPermGen       total 21504K, used 8403K [0x00000000c2800000, 0x00000000c3d00000, 0x00000000cce00000)
  object space 21504K, 39% used [0x00000000c2800000,0x00000000c3034ff0,0x00000000c3d00000)
}
Event: 3.439 GC heap before
{Heap before GC invocations=3 (full 0):
 PSYoungGen      total 15360K, used 15349K [0x00000000eef00000, 0x00000000f0000000, 0x0000000100000000)
  eden space 13312K, 100% used [0x00000000eef00000,0x00000000efc00000,0x00000000efc00000)
  from space 2048K, 99% used [0x00000000efe00000,0x00000000efffd690,0x00000000f0000000)
  to   space 2048K, 0% used [0x00000000efc00000,0x00000000efc00000,0x00000000efe00000)
 ParOldGen       total 34816K, used 1594K [0x00000000cce00000, 0x00000000cf000000, 0x00000000eef00000)
  object space 34816K, 4% used [0x00000000cce00000,0x00000000ccf8e8b8,0x00000000cf000000)
 PSPermGen       total 21504K, used 8447K [0x00000000c2800000, 0x00000000c3d00000, 0x00000000cce00000)
  object space 21504K, 39% used [0x00000000c2800000,0x00000000c303ff60,0x00000000c3d00000)
Event: 3.458 GC heap after
Heap after GC invocations=3 (full 0):
 PSYoungGen      total 15360K, used 1920K [0x00000000eef00000, 0x00000000f0d00000, 0x0000000100000000)
  eden space 13312K, 0% used [0x00000000eef00000,0x00000000eef00000,0x00000000efc00000)
  from space 2048K, 93% used [0x00000000efc00000,0x00000000efde0020,0x00000000efe00000)
  to   space 2048K, 0% used [0x00000000f0b00000,0x00000000f0b00000,0x00000000f0d00000)
 ParOldGen       total 34816K, used 1594K [0x00000000cce00000, 0x00000000cf000000, 0x00000000eef00000)
  object space 34816K, 4% used [0x00000000cce00000,0x00000000ccf8e8b8,0x00000000cf000000)
 PSPermGen       total 21504K, used 8447K [0x00000000c2800000, 0x00000000c3d00000, 0x00000000cce00000)
  object space 21504K, 39% used [0x00000000c2800000,0x00000000c303ff60,0x00000000c3d00000)
}
Event: 4.098 GC heap before
{Heap before GC invocations=4 (full 0):
 PSYoungGen      total 15360K, used 15232K [0x00000000eef00000, 0x00000000f0d00000, 0x0000000100000000)
  eden space 13312K, 100% used [0x00000000eef00000,0x00000000efc00000,0x00000000efc00000)
  from space 2048K, 93% used [0x00000000efc00000,0x00000000efde0020,0x00000000efe00000)
  to   space 2048K, 0% used [0x00000000f0b00000,0x00000000f0b00000,0x00000000f0d00000)
 ParOldGen       total 34816K, used 1594K [0x00000000cce00000, 0x00000000cf000000, 0x00000000eef00000)
  object space 34816K, 4% used [0x00000000cce00000,0x00000000ccf8e8b8,0x00000000cf000000)
 PSPermGen       total 21504K, used 10093K [0x00000000c2800000, 0x00000000c3d00000, 0x00000000cce00000)
  object space 21504K, 46% used [0x00000000c2800000,0x00000000c31db748,0x00000000c3d00000)
Event: 4.118 GC heap after
Heap after GC invocations=4 (full 0):
 PSYoungGen      total 28672K, used 2032K [0x00000000eef00000, 0x00000000f0d00000, 0x0000000100000000)
  eden space 26624K, 0% used [0x00000000eef00000,0x00000000eef00000,0x00000000f0900000)
  from space 2048K, 99% used [0x00000000f0b00000,0x00000000f0cfc030,0x00000000f0d00000)
  to   space 2048K, 0% used [0x00000000f0900000,0x00000000f0900000,0x00000000f0b00000)
 ParOldGen       total 34816K, used 2628K [0x00000000cce00000, 0x00000000cf000000, 0x00000000eef00000)
  object space 34816K, 7% used [0x00000000cce00000,0x00000000cd091238,0x00000000cf000000)
 PSPermGen       total 21504K, used 10093K [0x00000000c2800000, 0x00000000c3d00000, 0x00000000cce00000)
  object space 21504K, 46% used [0x00000000c2800000,0x00000000c31db748,0x00000000c3d00000)
}
Event: 5.673 GC heap before
{Heap before GC invocations=5 (full 0):
 PSYoungGen      total 28672K, used 28656K [0x00000000eef00000, 0x00000000f0d00000, 0x0000000100000000)
  eden space 26624K, 100% used [0x00000000eef00000,0x00000000f0900000,0x00000000f0900000)
  from space 2048K, 99% used [0x00000000f0b00000,0x00000000f0cfc030,0x00000000f0d00000)
  to   space 2048K, 0% used [0x00000000f0900000,0x00000000f0900000,0x00000000f0b00000)
 ParOldGen       total 34816K, used 2628K [0x00000000cce00000, 0x00000000cf000000, 0x00000000eef00000)
  object space 34816K, 7% used [0x00000000cce00000,0x00000000cd091238,0x00000000cf000000)
 PSPermGen       total 21504K, used 15247K [0x00000000c2800000, 0x00000000c3d00000, 0x00000000cce00000)
  object space 21504K, 70% used [0x00000000c2800000,0x00000000c36e3d10,0x00000000c3d00000)
Event: 5.709 GC heap after
Heap after GC invocations=5 (full 0):
 PSYoungGen      total 28672K, used 2016K [0x00000000eef00000, 0x00000000f3000000, 0x0000000100000000)
  eden space 26624K, 0% used [0x00000000eef00000,0x00000000eef00000,0x00000000f0900000)
  from space 2048K, 98% used [0x00000000f0900000,0x00000000f0af8020,0x00000000f0b00000)
  to   space 6656K, 0% used [0x00000000f2980000,0x00000000f2980000,0x00000000f3000000)
 ParOldGen       total 34816K, used 7113K [0x00000000cce00000, 0x00000000cf000000, 0x00000000eef00000)
  object space 34816K, 20% used [0x00000000cce00000,0x00000000cd4f26c8,0x00000000cf000000)
 PSPermGen       total 21504K, used 15247K [0x00000000c2800000, 0x00000000c3d00000, 0x00000000cce00000)
  object space 21504K, 70% used [0x00000000c2800000,0x00000000c36e3d10,0x00000000c3d00000)
}
Event: 7.165 GC heap before
{Heap before GC invocations=6 (full 0):
 PSYoungGen      total 28672K, used 28622K [0x00000000eef00000, 0x00000000f3000000, 0x0000000100000000)
  eden space 26624K, 99% used [0x00000000eef00000,0x00000000f08fb900,0x00000000f0900000)
  from space 2048K, 98% used [0x00000000f0900000,0x00000000f0af8020,0x00000000f0b00000)
  to   space 6656K, 0% used [0x00000000f2980000,0x00000000f2980000,0x00000000f3000000)
 ParOldGen       total 34816K, used 7113K [0x00000000cce00000, 0x00000000cf000000, 0x00000000eef00000)
  object space 34816K, 20% used [0x00000000cce00000,0x00000000cd4f26c8,0x00000000cf000000)
 PSPermGen       total 21504K, used 17867K [0x00000000c2800000, 0x00000000c3d00000, 0x00000000cce00000)
  object space 21504K, 83% used [0x00000000c2800000,0x00000000c3972dc0,0x00000000c3d00000)
Event: 7.180 GC heap after
Heap after GC invocations=6 (full 0):
 PSYoungGen      total 58880K, used 6214K [0x00000000eef00000, 0x00000000f3200000, 0x0000000100000000)
  eden space 52224K, 0% used [0x00000000eef00000,0x00000000eef00000,0x00000000f2200000)
  from space 6656K, 93% used [0x00000000f2980000,0x00000000f2f91b10,0x00000000f3000000)
  to   space 7680K, 0% used [0x00000000f2200000,0x00000000f2200000,0x00000000f2980000)
 ParOldGen       total 34816K, used 7113K [0x00000000cce00000, 0x00000000cf000000, 0x00000000eef00000)
  object space 34816K, 20% used [0x00000000cce00000,0x00000000cd4f26c8,0x00000000cf000000)
 PSPermGen       total 21504K, used 17867K [0x00000000c2800000, 0x00000000c3d00000, 0x00000000cce00000)
  object space 21504K, 83% used [0x00000000c2800000,0x00000000c3972dc0,0x00000000c3d00000)
}
Event: 9.667 GC heap before
{Heap before GC invocations=7 (full 0):
 PSYoungGen      total 58880K, used 58438K [0x00000000eef00000, 0x00000000f3200000, 0x0000000100000000)
  eden space 52224K, 100% used [0x00000000eef00000,0x00000000f2200000,0x00000000f2200000)
  from space 6656K, 93% used [0x00000000f2980000,0x00000000f2f91b10,0x00000000f3000000)
  to   space 7680K, 0% used [0x00000000f2200000,0x00000000f2200000,0x00000000f2980000)
 ParOldGen       total 34816K, used 7113K [0x00000000cce00000, 0x00000000cf000000, 0x00000000eef00000)
  object space 34816K, 20% used [0x00000000cce00000,0x00000000cd4f26c8,0x00000000cf000000)
 PSPermGen       total 23040K, used 22835K [0x00000000c2800000, 0x00000000c3e80000, 0x00000000cce00000)
  object space 23040K, 99% used [0x00000000c2800000,0x00000000c3e4cc70,0x00000000c3e80000)

Deoptimization events (10 events):
Event: 8.157 Thread 0x00007fb84c00a000 Uncommon trap: reason=unstable_if action=reinterpret pc=0x00007fb84908cd8c method=java.lang.Class$MethodArray.addIfNotPresent(Ljava/lang/reflect/Method;)V @ 19
Event: 8.441 Thread 0x00007fb84c00a000 Uncommon trap: reason=class_check action=maybe_recompile pc=0x00007fb84909c560 method=java.lang.String.equals(Ljava/lang/Object;)Z @ 8
Event: 8.441 Thread 0x00007fb84c00a000 Uncommon trap: reason=class_check action=maybe_recompile pc=0x00007fb84909c560 method=java.lang.String.equals(Ljava/lang/Object;)Z @ 8
Event: 8.443 Thread 0x00007fb84c00a000 Uncommon trap: reason=class_check action=maybe_recompile pc=0x00007fb84909c560 method=java.lang.String.equals(Ljava/lang/Object;)Z @ 8
Event: 8.485 Thread 0x00007fb84c00a000 Uncommon trap: reason=class_check action=maybe_recompile pc=0x00007fb8491c48a4 method=java.util.regex.Matcher.search(I)Z @ 86
Event: 8.575 Thread 0x00007fb84c00a000 Uncommon trap: reason=class_check action=maybe_recompile pc=0x00007fb8491c48a4 method=java.util.regex.Matcher.search(I)Z @ 86
Event: 8.576 Thread 0x00007fb84c00a000 Uncommon trap: reason=class_check action=maybe_recompile pc=0x00007fb8491c48a4 method=java.util.regex.Matcher.search(I)Z @ 86
Event: 8.576 Thread 0x00007fb84c00a000 Uncommon trap: reason=class_check action=maybe_recompile pc=0x00007fb8491c48a4 method=java.util.regex.Matcher.search(I)Z @ 86
Event: 9.286 Thread 0x00007fb84c00a000 Uncommon trap: reason=class_check action=maybe_recompile pc=0x00007fb8491d5dc4 method=org.codehaus.groovy.runtime.metaclass.MetaMethodIndex.addMethodToList(Ljava/lang/Object;Lgroovy/lang/MetaMethod;)Ljava/lang/Object; @ 218
Event: 9.287 Thread 0x00007fb84c00a000 Uncommon trap: reason=class_check action=maybe_recompile pc=0x00007fb8491d5dc4 method=org.codehaus.groovy.runtime.metaclass.MetaMethodIndex.addMethodToList(Ljava/lang/Object;Lgroovy/lang/MetaMethod;)Ljava/lang/Object; @ 218

Internal exceptions (10 events):
Event: 9.648 Thread 0x00007fb84c00a000 Threw 0x00000000f21df368 at /build/openjdk-7-hGnxiC/openjdk-7-7u95-2.6.4/build/openjdk/hotspot/src/share/vm/prims/jvm.cpp:1322
Event: 9.649 Thread 0x00007fb84c00a000 Threw 0x00000000f21e2ed0 at /build/openjdk-7-hGnxiC/openjdk-7-7u95-2.6.4/build/openjdk/hotspot/src/share/vm/prims/jvm.cpp:1322
Event: 9.650 Thread 0x00007fb84c00a000 Threw 0x00000000f21e3d18 at /build/openjdk-7-hGnxiC/openjdk-7-7u95-2.6.4/build/openjdk/hotspot/src/share/vm/prims/jvm.cpp:1322
Event: 9.650 Thread 0x00007fb84c00a000 Threw 0x00000000f21e8e18 at /build/openjdk-7-hGnxiC/openjdk-7-7u95-2.6.4/build/openjdk/hotspot/src/share/vm/prims/jvm.cpp:1322
Event: 9.651 Thread 0x00007fb84c00a000 Threw 0x00000000f21eceb8 at /build/openjdk-7-hGnxiC/openjdk-7-7u95-2.6.4/build/openjdk/hotspot/src/share/vm/prims/jvm.cpp:1322
Event: 9.651 Thread 0x00007fb84c00a000 Threw 0x00000000f21edcc0 at /build/openjdk-7-hGnxiC/openjdk-7-7u95-2.6.4/build/openjdk/hotspot/src/share/vm/prims/jvm.cpp:1322
Event: 9.651 Thread 0x00007fb84c00a000 Threw 0x00000000f21f2918 at /build/openjdk-7-hGnxiC/openjdk-7-7u95-2.6.4/build/openjdk/hotspot/src/share/vm/prims/jvm.cpp:1322
Event: 9.652 Thread 0x00007fb84c00a000 Threw 0x00000000f21f70b0 at /build/openjdk-7-hGnxiC/openjdk-7-7u95-2.6.4/build/openjdk/hotspot/src/share/vm/prims/jvm.cpp:1322
Event: 9.652 Thread 0x00007fb84c00a000 Threw 0x00000000f21f7e78 at /build/openjdk-7-hGnxiC/openjdk-7-7u95-2.6.4/build/openjdk/hotspot/src/share/vm/prims/jvm.cpp:1322
Event: 9.652 Thread 0x00007fb84c00a000 Threw 0x00000000f21fc628 at /build/openjdk-7-hGnxiC/openjdk-7-7u95-2.6.4/build/openjdk/hotspot/src/share/vm/prims/jvm.cpp:1322

Events (10 events):
Event: 9.647 loading class 0x00007fb84d027990 done
Event: 9.649 loading class 0x00007fb84c4ca930
Event: 9.649 loading class 0x00007fb84c4ca930 done
Event: 9.651 loading class 0x00007fb84c4ce0d0
Event: 9.651 loading class 0x00007fb84c4ce0d0 done
Event: 9.652 loading class 0x00007fb84c4cad40
Event: 9.652 loading class 0x00007fb84c4cad40 done
Event: 9.653 loading class 0x00007fb84c4ce220
Event: 9.653 loading class 0x00007fb84c4ce220 done
Event: 9.657 Executing VM operation: ParallelGCFailedAllocation


Dynamic libraries:
00400000-00401000 r-xp 00000000 08:01 11285116                           /usr/lib/jvm/java-7-openjdk-amd64/jre/bin/java
00600000-00601000 r--p 00000000 08:01 11285116                           /usr/lib/jvm/java-7-openjdk-amd64/jre/bin/java
00601000-00602000 rw-p 00001000 08:01 11285116                           /usr/lib/jvm/java-7-openjdk-amd64/jre/bin/java
01d30000-01d51000 rw-p 00000000 00:00 0                                  [heap]
c2800000-c3e80000 rw-p 00000000 00:00 0 
c3e80000-cce00000 rw-p 00000000 00:00 0 
cce00000-cf000000 rw-p 00000000 00:00 0 
cf000000-eef00000 rw-p 00000000 00:00 0 
eef00000-f3200000 rw-p 00000000 00:00 0 
f6800000-100000000 rw-p 00000000 00:00 0 
7fb808000000-7fb808021000 rw-p 00000000 00:00 0 
7fb808021000-7fb80c000000 ---p 00000000 00:00 0 
7fb810000000-7fb810021000 rw-p 00000000 00:00 0 
7fb810021000-7fb814000000 ---p 00000000 00:00 0 
7fb814000000-7fb814021000 rw-p 00000000 00:00 0 
7fb814021000-7fb818000000 ---p 00000000 00:00 0 
7fb818000000-7fb818561000 rw-p 00000000 00:00 0 
7fb818561000-7fb81c000000 ---p 00000000 00:00 0 
7fb81c000000-7fb81c021000 rw-p 00000000 00:00 0 
7fb81c021000-7fb820000000 ---p 00000000 00:00 0 
7fb820000000-7fb820021000 rw-p 00000000 00:00 0 
7fb820021000-7fb824000000 ---p 00000000 00:00 0 
7fb824000000-7fb824835000 rw-p 00000000 00:00 0 
7fb824835000-7fb828000000 ---p 00000000 00:00 0 
7fb828000000-7fb828021000 rw-p 00000000 00:00 0 
7fb828021000-7fb82c000000 ---p 00000000 00:00 0 
7fb82c000000-7fb82c021000 rw-p 00000000 00:00 0 
7fb82c021000-7fb830000000 ---p 00000000 00:00 0 
7fb830000000-7fb830021000 rw-p 00000000 00:00 0 
7fb830021000-7fb834000000 ---p 00000000 00:00 0 
7fb834000000-7fb834021000 rw-p 00000000 00:00 0 
7fb834021000-7fb838000000 ---p 00000000 00:00 0 
7fb83892d000-7fb838930000 ---p 00000000 00:00 0 
7fb838930000-7fb838966000 rw-p 00000000 00:00 0 
7fb838966000-7fb838967000 r--p 00000000 00:00 0 
7fb838967000-7fb83896a000 ---p 00000000 00:00 0 
7fb83896a000-7fb838a68000 rw-p 00000000 00:00 0 
7fb838a68000-7fb838ad3000 r--s 0069d000 08:01 11404524                   /usr/lib/jvm/java-7-openjdk-amd64/lib/tools.jar
7fb838ad3000-7fb838ad5000 r--s 00007000 08:01 9445456                    /home/grey/.gradle/wrapper/dists/gradle-2.14.1-all/8bnwg5hd3w55iofp58khbp6yv/gradle-2.14.1/lib/plugins/gradle-tooling-api-builders-2.14.1.jar
7fb838ad5000-7fb838ad8000 r--s 00008000 08:01 9445449                    /home/grey/.gradle/wrapper/dists/gradle-2.14.1-all/8bnwg5hd3w55iofp58khbp6yv/gradle-2.14.1/lib/plugins/gradle-testing-native-2.14.1.jar
7fb838ad8000-7fb838ada000 r--s 00009000 08:01 9445528                    /home/grey/.gradle/wrapper/dists/gradle-2.14.1-all/8bnwg5hd3w55iofp58khbp6yv/gradle-2.14.1/lib/plugins/hamcrest-core-1.3.jar
7fb838ada000-7fb838ae0000 r--s 00033000 08:01 9445522                    /home/grey/.gradle/wrapper/dists/gradle-2.14.1-all/8bnwg5hd3w55iofp58khbp6yv/gradle-2.14.1/lib/plugins/snakeyaml-1.6.jar
7fb838ae0000-7fb838ae2000 r--s 00006000 08:01 9445521                    /home/grey/.gradle/wrapper/dists/gradle-2.14.1-all/8bnwg5hd3w55iofp58khbp6yv/gradle-2.14.1/lib/plugins/jcommander-1.12.jar
7fb838ae2000-7fb838ae7000 r--s 00040000 08:01 9445520                    /home/grey/.gradle/wrapper/dists/gradle-2.14.1-all/8bnwg5hd3w55iofp58khbp6yv/gradle-2.14.1/lib/plugins/bsh-2.0b4.jar
7fb838ae7000-7fb838af0000 r--s 00089000 08:01 9445479                    /home/grey/.gradle/wrapper/dists/gradle-2.14.1-all/8bnwg5hd3w55iofp58khbp6yv/gradle-2.14.1/lib/plugins/testng-6.3.1.jar
7fb838af0000-7fb838af8000 r--s 00045000 08:01 9445478                    /home/grey/.gradle/wrapper/dists/gradle-2.14.1-all/8bnwg5hd3w55iofp58khbp6yv/gradle-2.14.1/lib/plugins/junit-4.12.jar
7fb838af8000-7fb838afe000 r--s 0002e000 08:01 9445450                    /home/grey/.gradle/wrapper/dists/gradle-2.14.1-all/8bnwg5hd3w55iofp58khbp6yv/gradle-2.14.1/lib/plugins/gradle-testing-jvm-2.14.1.jar
7fb838afe000-7fb838b03000 r--s 00015000 08:01 9445448                    /home/grey/.gradle/wrapper/dists/gradle-2.14.1-all/8bnwg5hd3w55iofp58khbp6yv/gradle-2.14.1/lib/plugins/gradle-testing-base-2.14.1.jar
7fb838b03000-7fb838b04000 r--s 00002000 08:01 9445472                    /home/grey/.gradle/wrapper/dists/gradle-2.14.1-all/8bnwg5hd3w55iofp58khbp6yv/gradle-2.14.1/lib/plugins/sonar-batch-bootstrapper-2.9.jar
7fb838b04000-7fb838b07000 r--s 00015000 08:01 9445426                    /home/grey/.gradle/wrapper/dists/gradle-2.14.1-all/8bnwg5hd3w55iofp58khbp6yv/gradle-2.14.1/lib/plugins/gradle-sonar-2.14.1.jar
7fb838b07000-7fb838b0e000 r--s 00038000 08:01 9445473                    /home/grey/.gradle/wrapper/dists/gradle-2.14.1-all/8bnwg5hd3w55iofp58khbp6yv/gradle-2.14.1/lib/plugins/bcpg-jdk15on-1.51.jar
7fb838b0e000-7fb838b10000 r--s 0000d000 08:01 9445427                    /home/grey/.gradle/wrapper/dists/gradle-2.14.1-all/8bnwg5hd3w55iofp58khbp6yv/gradle-2.14.1/lib/plugins/gradle-signing-2.14.1.jar
7fb838b10000-7fb838b13000 r--s 00009000 08:01 9445425                    /home/grey/.gradle/wrapper/dists/gradle-2.14.1-all/8bnwg5hd3w55iofp58khbp6yv/gradle-2.14.1/lib/plugins/gradle-scala-2.14.1.jar
7fb838b13000-7fb838b14000 r--s 00004000 08:01 9445454                    /home/grey/.gradle/wrapper/dists/gradle-2.14.1-all/8bnwg5hd3w55iofp58khbp6yv/gradle-2.14.1/lib/plugins/gradle-resources-sftp-2.14.1.jar
7fb838b14000-7fb838b24000 r--s 00088000 08:01 9445489                    /home/grey/.gradle/wrapper/dists/gradle-2.14.1-all/8bnwg5hd3w55iofp58khbp6yv/gradle-2.14.1/lib/plugins/joda-time-2.8.2.jar
7fb838b24000-7fb838b35000 r--s 000cf000 08:01 9445488                    /home/grey/.gradle/wrapper/dists/gradle-2.14.1-all/8bnwg5hd3w55iofp58khbp6yv/gradle-2.14.1/lib/plugins/jackson-databind-2.3.2.jar
7fb838b35000-7fb838b37000 r--s 00007000 08:01 9445487                    /home/grey/.gradle/wrapper/dists/gradle-2.14.1-all/8bnwg5hd3w55iofp58khbp6yv/gradle-2.14.1/lib/plugins/jackson-annotations-2.3.2.jar
7fb838b37000-7fb838b3a000 r--s 0002e000 08:01 9445486                    /home/grey/.gradle/wrapper/dists/gradle-2.14.1-all/8bnwg5hd3w55iofp58khbp6yv/gradle-2.14.1/lib/plugins/jackson-core-2.3.2.jar
7fb838b3a000-7fb838b45000 r--s 0006b000 08:01 9445485                    /home/grey/.gradle/wrapper/dists/gradle-2.14.1-all/8bnwg5hd3w55iofp58khbp6yv/gradle-2.14.1/lib/plugins/aws-java-sdk-core-1.9.19.jar
7fb838b45000-7fb838b4b000 r--s 00036000 08:01 9445484                    /home/grey/.gradle/wrapper/dists/gradle-2.14.1-all/8bnwg5hd3w55iofp58khbp6yv/gradle-2.14.1/lib/plugins/aws-java-sdk-kms-1.9.19.jar
7fb838b4b000-7fb838b56000 r--s 00079000 08:01 9445483                    /home/grey/.gradle/wrapper/dists/gradle-2.14.1-all/8bnwg5hd3w55iofp58khbp6yv/gradle-2.14.1/lib/plugins/aws-java-sdk-s3-1.9.19.jar
7fb838b56000-7fb838b57000 r--s 00003000 08:01 9445455                    /home/grey/.gradle/wrapper/dists/gradle-2.14.1-all/8bnwg5hd3w55iofp58khbp6yv/gradle-2.14.1/lib/plugins/gradle-resources-s3-2.14.1.jar
7fb838b57000-7fb838b59000 r--s 00005000 08:01 9445477                    /home/grey/.gradle/wrapper/dists/gradle-2.14.1-all/8bnwg5hd3w55iofp58khbp6yv/gradle-2.14.1/lib/plugins/jatl-0.2.2.jar
7fb838b59000-7fb838b5b000 r--s 0000f000 08:01 9445432                    /home/grey/.gradle/wrapper/dists/gradle-2.14.1-all/8bnwg5hd3w55iofp58khbp6yv/gradle-2.14.1/lib/plugins/gradle-reporting-2.14.1.jar
7fb838b5b000-7fb838b5d000 r--s 00002000 08:01 9445433                    /home/grey/.gradle/wrapper/dists/gradle-2.14.1-all/8bnwg5hd3w55iofp58khbp6yv/gradle-2.14.1/lib/plugins/gradle-publish-2.14.1.jar
7fb838b5d000-7fb838b5f000 r--s 00009000 08:01 9445459                    /home/grey/.gradle/wrapper/dists/gradle-2.14.1-all/8bnwg5hd3w55iofp58khbp6yv/gradle-2.14.1/lib/plugins/commons-cli-1.2.jar
7fb838b5f000-7fb838b65000 r--s 00033000 08:01 9445417                    /home/grey/.gradle/wrapper/dists/gradle-2.14.1-all/8bnwg5hd3w55iofp58khbp6yv/gradle-2.14.1/lib/plugins/gradle-plugins-2.14.1.jar
7fb838b65000-7fb838b67000 r--s 00007000 08:01 9445451                    /home/grey/.gradle/wrapper/dists/gradle-2.14.1-all/8bnwg5hd3w55iofp58khbp6yv/gradle-2.14.1/lib/plugins/gradle-plugin-development-2.14.1.jar
7fb838b67000-7fb838b6d000 r--s 0002a000 08:01 9445444                    /home/grey/.gradle/wrapper/dists/gradle-2.14.1-all/8bnwg5hd3w55iofp58khbp6yv/gradle-2.14.1/lib/plugins/gradle-platform-play-2.14.1.jar
7fb838b6d000-7fb838b7a000 r--s 0004d000 08:01 9445443                    /home/grey/.gradle/wrapper/dists/gradle-2.14.1-all/8bnwg5hd3w55iofp58khbp6yv/gradle-2.14.1/lib/plugins/gradle-platform-native-2.14.1.jar
7fb838b7a000-7fb838b7e000 r--s 0001a000 08:01 9445438                    /home/grey/.gradle/wrapper/dists/gradle-2.14.1-all/8bnwg5hd3w55iofp58khbp6yv/gradle-2.14.1/lib/plugins/gradle-platform-jvm-2.14.1.jar
7fb838b7e000-7fb838b85000 r--s 00029000 08:01 9445437                    /home/grey/.gradle/wrapper/dists/gradle-2.14.1-all/8bnwg5hd3w55iofp58khbp6yv/gradle-2.14.1/lib/plugins/gradle-platform-base-2.14.1.jar
7fb838b85000-7fb838ba6000 r--s 001c3000 08:01 9445467                    /home/grey/.gradle/wrapper/dists/gradle-2.14.1-all/8bnwg5hd3w55iofp58khbp6yv/gradle-2.14.1/lib/plugins/bndlib-2.4.0.jar
7fb838ba6000-7fb838ba8000 r--s 00003000 08:01 9445421                    /home/grey/.gradle/wrapper/dists/gradle-2.14.1-all/8bnwg5hd3w55iofp58khbp6yv/gradle-2.14.1/lib/plugins/gradle-osgi-2.14.1.jar
7fb838ba8000-7fb838bab000 r--s 0000c000 08:01 9445470                    /home/grey/.gradle/wrapper/dists/gradle-2.14.1-all/8bnwg5hd3w55iofp58khbp6yv/gradle-2.14.1/lib/plugins/pmaven-groovy-0.8-20100325.jar
7fb838bab000-7fb838bac000 r--s 00004000 08:01 9445469                    /home/grey/.gradle/wrapper/dists/gradle-2.14.1-all/8bnwg5hd3w55iofp58khbp6yv/gradle-2.14.1/lib/plugins/pmaven-common-0.8-20100325.jar
7fb838bac000-7fb838bb2000 r--s 00022000 08:01 9445422                    /home/grey/.gradle/wrapper/dists/gradle-2.14.1-all/8bnwg5hd3w55iofp58khbp6yv/gradle-2.14.1/lib/plugins/gradle-maven-2.14.1.jar
7fb838bb2000-7fb838bb4000 r--s 0000a000 08:01 9445442                    /home/grey/.gradle/wrapper/dists/gradle-2.14.1-all/8bnwg5hd3w55iofp58khbp6yv/gradle-2.14.1/lib/plugins/gradle-language-scala-2.14.1.jar
7fb838bb4000-7fb838bba000 r--s 0001a000 08:01 9445446                    /home/grey/.gradle/wrapper/dists/gradle-2.14.1-all/8bnwg5hd3w55iofp58khbp6yv/gradle-2.14.1/lib/plugins/gradle-language-native-2.14.1.jar
7fb838bba000-7fb838bbc000 r--s 00008000 08:01 9445439                    /home/grey/.gradle/wrapper/dists/gradle-2.14.1-all/8bnwg5hd3w55iofp58khbp6yv/gradle-2.14.1/lib/plugins/gradle-language-jvm-2.14.1.jar
7fb838bbc000-7fb838bc2000 r--s 00024000 08:01 9445440                    /home/grey/.gradle/wrapper/dists/gradle-2.14.1-all/8bnwg5hd3w55iofp58khbp6yv/gradle-2.14.1/lib/plugins/gradle-language-java-2.14.1.jar
7fb838bc2000-7fb838bc4000 r--s 0000a000 08:01 9445441                    /home/grey/.gradle/wrapper/dists/gradle-2.14.1-all/8bnwg5hd3w55iofp58khbp6yv/gradle-2.14.1/lib/plugins/gradle-language-groovy-2.14.1.jar
7fb838bc4000-7fb838bc7000 r--s 0001e000 08:01 9445495                    /home/grey/.gradle/wrapper/dists/gradle-2.14.1-all/8bnwg5hd3w55iofp58khbp6yv/gradle-2.14.1/lib/plugins/jsp-api-2.1-6.1.14.jar
7fb838bc7000-7fb838bea000 r--s 00344000 08:01 9445494                    /home/grey/.gradle/wrapper/dists/gradle-2.14.1-all/8bnwg5hd3w55iofp58khbp6yv/gradle-2.14.1/lib/plugins/core-3.1.1.jar
7fb838bea000-7fb838beb000 r--s 00006000 08:01 9445493                    /home/grey/.gradle/wrapper/dists/gradle-2.14.1-all/8bnwg5hd3w55iofp58khbp6yv/gradle-2.14.1/lib/plugins/jetty-naming-6.1.25.jar
7fb838beb000-7fb838bec000 r--s 00002000 08:01 9445466                    /home/grey/.gradle/wrapper/dists/gradle-2.14.1-all/8bnwg5hd3w55iofp58khbp6yv/gradle-2.14.1/lib/plugins/geronimo-annotation_1.0_spec-1.0.jar
7fb838bec000-7fb838bee000 r--s 00002000 08:01 9445465                    /home/grey/.gradle/wrapper/dists/gradle-2.14.1-all/8bnwg5hd3w55iofp58khbp6yv/gradle-2.14.1/lib/plugins/jetty-annotations-6.1.25.jar
7fb838bee000-7fb838bff000 r--s 000ea000 08:01 9445464                    /home/grey/.gradle/wrapper/dists/gradle-2.14.1-all/8bnwg5hd3w55iofp58khbp6yv/gradle-2.14.1/lib/plugins/jsp-2.1-6.1.14.jar
7fb838bff000-7fb838c01000 r--s 0000d000 08:01 9445463                    /home/grey/.gradle/wrapper/dists/gradle-2.14.1-all/8bnwg5hd3w55iofp58khbp6yv/gradle-2.14.1/lib/plugins/jetty-plus-6.1.25.jar
7fb838c01000-7fb838c03000 r--s 0001f000 08:01 9445462                    /home/grey/.gradle/wrapper/dists/gradle-2.14.1-all/8bnwg5hd3w55iofp58khbp6yv/gradle-2.14.1/lib/plugins/servlet-api-2.5-20081211.jar
7fb838c03000-7fb838c07000 r--s 00028000 08:01 9445461                    /home/grey/.gradle/wrapper/dists/gradle-2.14.1-all/8bnwg5hd3w55iofp58khbp6yv/gradle-2.14.1/lib/plugins/jetty-util-6.1.25.jar
7fb838c07000-7fb838c0e000 r--s 0007d000 08:01 9445460                    /home/grey/.gradle/wrapper/dists/gradle-2.14.1-all/8bnwg5hd3w55iofp58khbp6yv/gradle-2.14.1/lib/plugins/jetty-6.1.25.jar
7fb838c0e000-7fb838c10000 r--s 00009000 08:01 9445419                    /home/grey/.gradle/wrapper/dists/gradle-2.14.1-all/8bnwg5hd3w55iofp58khbp6yv/gradle-2.14.1/lib/plugins/gradle-jetty-2.14.1.jar
7fb838c10000-7fb838c17000 r--s 00035000 08:01 9445476                    /home/grey/.gradle/wrapper/dists/gradle-2.14.1-all/8bnwg5hd3w55iofp58khbp6yv/gradle-2.14.1/lib/plugins/simple-4.1.21.jar
7fb838c17000-7fb838c23000 r--s 00100000 08:01 9445474                    /home/grey/.gradle/wrapper/dists/gradle-2.14.1-all/8bnwg5hd3w55iofp58khbp6yv/gradle-2.14.1/lib/plugins/rhino-1.7R3.jar
7fb838c23000-7fb838c27000 r--s 00011000 08:01 9445429                    /home/grey/.gradle/wrapper/dists/gradle-2.14.1-all/8bnwg5hd3w55iofp58khbp6yv/gradle-2.14.1/lib/plugins/gradle-javascript-2.14.1.jar
7fb838c27000-7fb838c29000 r--s 0000c000 08:01 9445435                    /home/grey/.gradle/wrapper/dists/gradle-2.14.1-all/8bnwg5hd3w55iofp58khbp6yv/gradle-2.14.1/lib/plugins/gradle-jacoco-2.14.1.jar
7fb838c29000-7fb838c2c000 r--s 0000e000 08:01 9445434                    /home/grey/.gradle/wrapper/dists/gradle-2.14.1-all/8bnwg5hd3w55iofp58khbp6yv/gradle-2.14.1/lib/plugins/gradle-ivy-2.14.1.jar
7fb838c2c000-7fb838c2d000 r--s 00002000 08:01 9445445                    /home/grey/.gradle/wrapper/dists/gradle-2.14.1-all/8bnwg5hd3w55iofp58khbp6yv/gradle-2.14.1/lib/plugins/gradle-ide-play-2.14.1.jar
7fb838c2d000-7fb838c32000 r--s 0002b000 08:01 9445447                    /home/grey/.gradle/wrapper/dists/gradle-2.14.1-all/8bnwg5hd3w55iofp58khbp6yv/gradle-2.14.1/lib/plugins/gradle-ide-native-2.14.1.jar
7fb838c32000-7fb838c3d000 r--s 00066000 08:01 9445423                    /home/grey/.gradle/wrapper/dists/gradle-2.14.1-all/8bnwg5hd3w55iofp58khbp6yv/gradle-2.14.1/lib/plugins/gradle-ide-2.14.1.jar
7fb838c3d000-7fb838c3e000 r--s 00008000 08:01 9445428                    /home/grey/.gradle/wrapper/dists/gradle-2.14.1-all/8bnwg5hd3w55iofp58khbp6yv/gradle-2.14.1/lib/plugins/gradle-ear-2.14.1.jar
7fb838c3e000-7fb838c44000 r--s 00032000 08:01 9445431                    /home/grey/.gradle/wrapper/dists/gradle-2.14.1-all/8bnwg5hd3w55iofp58khbp6yv/gradle-2.14.1/lib/plugins/gradle-diagnostics-2.14.1.jar
7fb838c44000-7fb838c48000 r--s 00021000 08:01 9445418                    /home/grey/.gradle/wrapper/dists/gradle-2.14.1-all/8bnwg5hd3w55iofp58khbp6yv/gradle-2.14.1/lib/plugins/gradle-code-quality-2.14.1.jar
7fb838c48000-7fb838c4c000 r--s 0001f000 08:01 9445436                    /home/grey/.gradle/wrapper/dists/gradle-2.14.1-all/8bnwg5hd3w55iofp58khbp6yv/gradle-2.14.1/lib/plugins/gradle-build-init-2.14.1.jar
7fb838c4c000-7fb838c53000 r--s 0008e000 08:01 9445430                    /home/grey/.gradle/wrapper/dists/gradle-2.14.1-all/8bnwg5hd3w55iofp58khbp6yv/gradle-2.14.1/lib/plugins/gradle-build-comparison-2.14.1.jar
7fb838c53000-7fb838c55000 r--s 00008000 08:01 9445420                    /home/grey/.gradle/wrapper/dists/gradle-2.14.1-all/8bnwg5hd3w55iofp58khbp6yv/gradle-2.14.1/lib/plugins/gradle-antlr-2.14.1.jar
7fb838c55000-7fb838c57000 r--s 00004000 08:01 9445424                    /home/grey/.gradle/wrapper/dists/gradle-2.14.1-all/8bnwg5hd3w55iofp58khbp6yv/gradle-2.14.1/lib/plugins/gradle-announce-2.14.1.jar
7fb838c57000-7fb838c6f000 r--s 00115000 08:01 9445525                    /home/grey/.gradle/wrapper/dists/gradle-2.14.1-all/8bnwg5hd3w55iofp58khbp6yv/gradle-2.14.1/lib/plugins/xercesImpl-2.9.1.jar
7fb838c6f000-7fb838c77000 r--s 00028000 08:01 9445526                    /home/grey/.gradle/wrapper/dists/gradle-2.14.1-all/8bnwg5hd3w55iofp58khbp6yv/gradle-2.14.1/lib/plugins/xml-apis-1.3.04.jar
7fb838c77000-7fb838c7d000 r--s 0005b000 08:01 9445524                    /home/grey/.gradle/wrapper/dists/gradle-2.14.1-all/8bnwg5hd3w55iofp58khbp6yv/gradle-2.14.1/lib/plugins/jcifs-1.3.17.jar
7fb838c7d000-7fb838c84000 r--s 00049000 08:01 9445523                    /home/grey/.gradle/wrapper/dists/gradle-2.14.1-all/8bnwg5hd3w55iofp58khbp6yv/gradle-2.14.1/lib/plugins/httpcore-4.4.4.jar
7fb838c84000-7fb838c8a000 r--s 00033000 08:01 9445471                    /home/grey/.gradle/wrapper/dists/gradle-2.14.1-all/8bnwg5hd3w55iofp58khbp6yv/gradle-2.14.1/lib/plugins/commons-codec-1.6.jar
7fb838c8a000-7fb838c8d000 r--s 0001c000 08:01 9445481                    /home/grey/.gradle/wrapper/dists/gradle-2.14.1-all/8bnwg5hd3w55iofp58khbp6yv/gradle-2.14.1/lib/plugins/nekohtml-1.9.14.jar
7fb838c8d000-7fb838c9a000 r--s 000a4000 08:01 9445480                    /home/grey/.gradle/wrapper/dists/gradle-2.14.1-all/8bnwg5hd3w55iofp58khbp6yv/gradle-2.14.1/lib/plugins/httpclient-4.4.1.jar
7fb838c9a000-7fb838c9c000 r--s 0000a000 08:01 9445453                    /home/grey/.gradle/wrapper/dists/gradle-2.14.1-all/8bnwg5hd3w55iofp58khbp6yv/gradle-2.14.1/lib/plugins/gradle-resources-http-2.14.1.jar
7fb838c9c000-7fb838ca0000 r--s 00014000 08:01 9445452                    /home/grey/.gradle/wrapper/dists/gradle-2.14.1-all/8bnwg5hd3w55iofp58khbp6yv/gradle-2.14.1/lib/plugins/gradle-plugin-use-2.14.1.jar
7fb838ca0000-7fb838ca1000 r--s 00000000 08:01 9445368                    /home/grey/.gradle/wrapper/dists/gradle-2.14.1-all/8bnwg5hd3w55iofp58khbp6yv/gradle-2.14.1/lib/gradle-installation-beacon-2.14.1.jar
7fb838ca1000-7fb838ca2000 r--s 00007000 08:01 9445519                    /home/grey/.gradle/wrapper/dists/gradle-2.14.1-all/8bnwg5hd3w55iofp58khbp6yv/gradle-2.14.1/lib/plugins/wagon-http-shared4-2.4.jar
7fb838ca2000-7fb838ca6000 r--s 00033000 08:01 9445518                    /home/grey/.gradle/wrapper/dists/gradle-2.14.1-all/8bnwg5hd3w55iofp58khbp6yv/gradle-2.14.1/lib/plugins/plexus-utils-2.0.6.jar
7fb838ca6000-7fb838caa000 r--s 00021000 08:01 9445517                    /home/grey/.gradle/wrapper/dists/gradle-2.14.1-all/8bnwg5hd3w55iofp58khbp6yv/gradle-2.14.1/lib/plugins/maven-model-builder-3.0.4.jar
7fb838caa000-7fb838cab000 r--s 00002000 08:01 9445516                    /home/grey/.gradle/wrapper/dists/gradle-2.14.1-all/8bnwg5hd3w55iofp58khbp6yv/gradle-2.14.1/lib/plugins/wagon-file-2.4.jar
7fb838cab000-7fb838cad000 r--s 00002000 08:01 9445515                    /home/grey/.gradle/wrapper/dists/gradle-2.14.1-all/8bnwg5hd3w55iofp58khbp6yv/gradle-2.14.1/lib/plugins/plexus-cipher-1.7.jar
7fb838cad000-7fb838cb0000 r--s 00013000 08:01 9445514                    /home/grey/.gradle/wrapper/dists/gradle-2.14.1-all/8bnwg5hd3w55iofp58khbp6yv/gradle-2.14.1/lib/plugins/aether-api-1.13.1.jar
7fb838cb0000-7fb838cb2000 r--s 0000a000 08:01 9445513                    /home/grey/.gradle/wrapper/dists/gradle-2.14.1-all/8bnwg5hd3w55iofp58khbp6yv/gradle-2.14.1/lib/plugins/maven-settings-3.0.4.jar
7fb838cb2000-7fb838cb4000 r--s 0000d000 08:01 9445512                    /home/grey/.gradle/wrapper/dists/gradle-2.14.1-all/8bnwg5hd3w55iofp58khbp6yv/gradle-2.14.1/lib/plugins/plexus-interpolation-1.14.jar
7fb838cb4000-7fb838cb6000 r--s 0000b000 08:01 9445511                    /home/grey/.gradle/wrapper/dists/gradle-2.14.1-all/8bnwg5hd3w55iofp58khbp6yv/gradle-2.14.1/lib/plugins/maven-artifact-3.0.4.jar
7fb838cb6000-7fb838cbd000 r--s 0002e000 08:01 9445510                    /home/grey/.gradle/wrapper/dists/gradle-2.14.1-all/8bnwg5hd3w55iofp58khbp6yv/gradle-2.14.1/lib/plugins/plexus-container-default-1.5.5.jar
7fb838cbd000-7fb838cbf000 r--s 0000b000 08:01 9445509                    /home/grey/.gradle/wrapper/dists/gradle-2.14.1-all/8bnwg5hd3w55iofp58khbp6yv/gradle-2.14.1/lib/plugins/maven-plugin-api-3.0.4.jar
7fb838cbf000-7fb838cc1000 r--s 00000000 08:01 9445527                    /home/grey/.gradle/wrapper/dists/gradle-2.14.1-all/8bnwg5hd3w55iofp58khbp6yv/gradle-2.14.1/lib/plugins/plexus-component-annotations-1.5.5.jar
7fb838cc1000-7fb838cc7000 r--s 0003f000 08:01 9445508                    /home/grey/.gradle/wrapper/dists/gradle-2.14.1-all/8bnwg5hd3w55iofp58khbp6yv/gradle-2.14.1/lib/plugins/maven-compat-3.0.4.jar
7fb838cc7000-7fb838cca000 r--s 00008000 08:01 9445507                    /home/grey/.gradle/wrapper/dists/gradle-2.14.1-all/8bnwg5hd3w55iofp58khbp6yv/gradle-2.14.1/lib/plugins/maven-settings-builder-3.0.4.jar
7fb838cca000-7fb838ccc000 r--s 00026000 08:01 9445505                    /home/grey/.gradle/wrapper/dists/gradle-2.14.1-all/8bnwg5hd3w55iofp58khbp6yv/gradle-2.14.1/lib/plugins/maven-model-3.0.4.jar
7fb838ccc000-7fb838cce000 r--s 00006000 08:01 9445504                    /home/grey/.gradle/wrapper/dists/gradle-2.14.1-all/8bnwg5hd3w55iofp58khbp6yv/gradle-2.14.1/lib/plugins/aether-connector-wagon-1.13.1.jar
7fb838cce000-7fb838cd0000 r--s 0000a000 08:01 9445503                    /home/grey/.gradle/wrapper/dists/gradle-2.14.1-all/8bnwg5hd3w55iofp58khbp6yv/gradle-2.14.1/lib/plugins/plexus-classworlds-2.4.jar
7fb838cd0000-7fb838cd2000 r--s 00006000 08:01 9445502                    /home/grey/.gradle/wrapper/dists/gradle-2.14.1-all/8bnwg5hd3w55iofp58khbp6yv/gradle-2.14.1/lib/plugins/maven-repository-metadata-3.0.4.jar
7fb838cd2000-7fb838cd4000 r--s 0000c000 08:01 9445501                    /home/grey/.gradle/wrapper/dists/gradle-2.14.1-all/8bnwg5hd3w55iofp58khbp6yv/gradle-2.14.1/lib/plugins/maven-aether-provider-3.0.4.jar
7fb838cd4000-7fb838cd6000 r--s 0000b000 08:01 9445500                    /home/grey/.gradle/wrapper/dists/gradle-2.14.1-all/8bnwg5hd3w55iofp58khbp6yv/gradle-2.14.1/lib/plugins/wagon-provider-api-2.4.jar
7fb838cd6000-7fb838cda000 r--s 0001c000 08:01 9445498                    /home/grey/.gradle/wrapper/dists/gradle-2.14.1-all/8bnwg5hd3w55iofp58khbp6yv/gradle-2.14.1/lib/plugins/aether-util-1.13.1.jar
7fb838cda000-7fb838cdd000 r--s 0001d000 08:01 9445497                    /home/grey/.gradle/wrapper/dists/gradle-2.14.1-all/8bnwg5hd3w55iofp58khbp6yv/gradle-2.14.1/lib/plugins/aether-impl-1.13.1.jar
7fb838cdd000-7fb838ce2000 r--s 00040000 08:01 9445482                    /home/grey/.gradle/wrapper/dists/gradle-2.14.1-all/8bnwg5hd3w55iofp58khbp6yv/gradle-2.14.1/lib/plugins/jsch-0.1.53.jar
7fb838ce2000-7fb838d22000 r--s 00277000 08:01 9445492                    /home/grey/.gradle/wrapper/dists/gradle-2.14.1-all/8bnwg5hd3w55iofp58khbp6yv/gradle-2.14.1/lib/plugins/bcprov-jdk15on-1.51.jar
7fb838d22000-7fb838d26000 r--s 0001d000 08:01 9445491                    /home/grey/.gradle/wrapper/dists/gradle-2.14.1-all/8bnwg5hd3w55iofp58khbp6yv/gradle-2.14.1/lib/plugins/xbean-reflect-3.4.jar
7fb838d26000-7fb838d32000 r--s 0007d000 08:01 9445468                    /home/grey/.gradle/wrapper/dists/gradle-2.14.1-all/8bnwg5hd3w55iofp58khbp6yv/gradle-2.14.1/lib/plugins/maven-core-3.0.4.jar
7fb838d32000-7fb838d4e000 r--s 000d3000 08:01 9445457                    /home/grey/.gradle/wrapper/dists/gradle-2.14.1-all/8bnwg5hd3w55iofp58khbp6yv/gradle-2.14.1/lib/plugins/gradle-dependency-management-2.14.1.jar
7fb838d4e000-7fb838d56000 r-xp 00000000 08:01 11404436                   /usr/lib/jvm/java-7-openjdk-amd64/jre/lib/amd64/libmanagement.so
7fb838d56000-7fb838f55000 ---p 00008000 08:01 11404436                   /usr/lib/jvm/java-7-openjdk-amd64/jre/lib/amd64/libmanagement.so
7fb838f55000-7fb838f56000 r--p 00007000 08:01 11404436                   /usr/lib/jvm/java-7-openjdk-amd64/jre/lib/amd64/libmanagement.so
7fb838f56000-7fb838f57000 rw-p 00008000 08:01 11404436                   /usr/lib/jvm/java-7-openjdk-amd64/jre/lib/amd64/libmanagement.so
7fb838f57000-7fb838f6c000 r-xp 00000000 08:01 5644392                    /tmp/jna5038403633923942773.tmp
7fb838f6c000-7fb83906b000 ---p 00015000 08:01 5644392                    /tmp/jna5038403633923942773.tmp
7fb83906b000-7fb83906d000 rw-p 00014000 08:01 5644392                    /tmp/jna5038403633923942773.tmp
7fb83906d000-7fb839092000 r-xp 00000000 08:01 8393327                    /lib/x86_64-linux-gnu/libtinfo.so.5.9
7fb839092000-7fb839291000 ---p 00025000 08:01 8393327                    /lib/x86_64-linux-gnu/libtinfo.so.5.9
7fb839291000-7fb839295000 r--p 00024000 08:01 8393327                    /lib/x86_64-linux-gnu/libtinfo.so.5.9
7fb839295000-7fb839296000 rw-p 00028000 08:01 8393327                    /lib/x86_64-linux-gnu/libtinfo.so.5.9
7fb839296000-7fb8392b7000 r-xp 00000000 08:01 8393235                    /lib/x86_64-linux-gnu/libncurses.so.5.9
7fb8392b7000-7fb8394b6000 ---p 00021000 08:01 8393235                    /lib/x86_64-linux-gnu/libncurses.so.5.9
7fb8394b6000-7fb8394b7000 r--p 00020000 08:01 8393235                    /lib/x86_64-linux-gnu/libncurses.so.5.9
7fb8394b7000-7fb8394b8000 rw-p 00021000 08:01 8393235                    /lib/x86_64-linux-gnu/libncurses.so.5.9
7fb8394b8000-7fb8394b9000 r--s 00002000 08:01 9445506                    /home/grey/.gradle/wrapper/dists/gradle-2.14.1-all/8bnwg5hd3w55iofp58khbp6yv/gradle-2.14.1/lib/plugins/wagon-http-2.4.jar
7fb8394b9000-7fb8394ba000 r--s 00003000 08:01 9445499                    /home/grey/.gradle/wrapper/dists/gradle-2.14.1-all/8bnwg5hd3w55iofp58khbp6yv/gradle-2.14.1/lib/plugins/aether-spi-1.13.1.jar
7fb8394ba000-7fb8394bb000 r--s 00006000 08:01 9445496                    /home/grey/.gradle/wrapper/dists/gradle-2.14.1-all/8bnwg5hd3w55iofp58khbp6yv/gradle-2.14.1/lib/plugins/plexus-sec-dispatcher-1.3.jar
7fb8394bb000-7fb8394c0000 r--s 0002a000 08:01 9445475                    /home/grey/.gradle/wrapper/dists/gradle-2.14.1-all/8bnwg5hd3w55iofp58khbp6yv/gradle-2.14.1/lib/plugins/gson-2.2.4.jar
7fb8394c0000-7fb8394cf000 r--s 000d9000 08:01 9445490                    /home/grey/.gradle/wrapper/dists/gradle-2.14.1-all/8bnwg5hd3w55iofp58khbp6yv/gradle-2.14.1/lib/plugins/ivy-2.2.0.jar
7fb8394cf000-7fb8394d6000 r--s 00000000 08:01 11540236                   /usr/lib/x86_64-linux-gnu/gconv/gconv-modules.cache
7fb8394d6000-7fb8394d9000 r-xp 00000000 08:01 9313188                    /home/grey/.gradle/native/19/linux-amd64/libnative-platform-curses.so
7fb8394d9000-7fb8396d9000 ---p 00003000 08:01 9313188                    /home/grey/.gradle/native/19/linux-amd64/libnative-platform-curses.so
7fb8396d9000-7fb8396da000 rw-p 00003000 08:01 9313188                    /home/grey/.gradle/native/19/linux-amd64/libnative-platform-curses.so
7fb8396da000-7fb8396de000 r-xp 00000000 08:01 9313186                    /home/grey/.gradle/native/19/linux-amd64/libnative-platform.so
7fb8396de000-7fb8398dd000 ---p 00004000 08:01 9313186                    /home/grey/.gradle/native/19/linux-amd64/libnative-platform.so
7fb8398dd000-7fb8398de000 rw-p 00003000 08:01 9313186                    /home/grey/.gradle/native/19/linux-amd64/libnative-platform.so
7fb8398de000-7fb8398e0000 r--s 00005000 08:01 9445367                    /home/grey/.gradle/wrapper/dists/gradle-2.14.1-all/8bnwg5hd3w55iofp58khbp6yv/gradle-2.14.1/lib/gradle-wrapper-2.14.1.jar
7fb8398e0000-7fb8398ee000 r--s 0004f000 08:01 9445374                    /home/grey/.gradle/wrapper/dists/gradle-2.14.1-all/8bnwg5hd3w55iofp58khbp6yv/gradle-2.14.1/lib/gradle-tooling-api-2.14.1.jar
7fb8398ee000-7fb8398f0000 r--s 00002000 08:01 9445394                    /home/grey/.gradle/wrapper/dists/gradle-2.14.1-all/8bnwg5hd3w55iofp58khbp6yv/gradle-2.14.1/lib/gradle-open-api-2.14.1.jar
7fb8398f0000-7fb8398f6000 r--s 00032000 08:01 9445396                    /home/grey/.gradle/wrapper/dists/gradle-2.14.1-all/8bnwg5hd3w55iofp58khbp6yv/gradle-2.14.1/lib/jaxen-1.1.jar
7fb8398f6000-7fb8398fb000 r--s 00048000 08:01 9445395                    /home/grey/.gradle/wrapper/dists/gradle-2.14.1-all/8bnwg5hd3w55iofp58khbp6yv/gradle-2.14.1/lib/dom4j-1.6.1.jar
7fb8398fb000-7fb839906000 r--s 00059000 08:01 9445373                    /home/grey/.gradle/wrapper/dists/gradle-2.14.1-all/8bnwg5hd3w55iofp58khbp6yv/gradle-2.14.1/lib/gradle-ui-2.14.1.jar
7fb839906000-7fb839909000 r--s 0000b000 08:01 9445392                    /home/grey/.gradle/wrapper/dists/gradle-2.14.1-all/8bnwg5hd3w55iofp58khbp6yv/gradle-2.14.1/lib/gradle-resources-2.14.1.jar
7fb839909000-7fb83990b000 r--s 00003000 08:01 9445404                    /home/grey/.gradle/wrapper/dists/gradle-2.14.1-all/8bnwg5hd3w55iofp58khbp6yv/gradle-2.14.1/lib/jcl-over-slf4j-1.7.10.jar
7fb83990b000-7fb83990c000 r--s 00005000 08:01 9445403                    /home/grey/.gradle/wrapper/dists/gradle-2.14.1-all/8bnwg5hd3w55iofp58khbp6yv/gradle-2.14.1/lib/log4j-over-slf4j-1.7.10.jar
7fb83990c000-7fb83990e000 r--s 00000000 08:01 9445402                    /home/grey/.gradle/wrapper/dists/gradle-2.14.1-all/8bnwg5hd3w55iofp58khbp6yv/gradle-2.14.1/lib/jul-to-slf4j-1.7.10.jar
7fb83990e000-7fb839913000 r--s 0001c000 08:01 9445391                    /home/grey/.gradle/wrapper/dists/gradle-2.14.1-all/8bnwg5hd3w55iofp58khbp6yv/gradle-2.14.1/lib/gradle-logging-2.14.1.jar
7fb839913000-7fb839915000 r--s 00007000 08:01 9445415                    /home/grey/.gradle/wrapper/dists/gradle-2.14.1-all/8bnwg5hd3w55iofp58khbp6yv/gradle-2.14.1/lib/objenesis-1.2.jar
7fb839915000-7fb839917000 r--s 00000000 08:01 9445414                    /home/grey/.gradle/wrapper/dists/gradle-2.14.1-all/8bnwg5hd3w55iofp58khbp6yv/gradle-2.14.1/lib/minlog-1.2.jar
7fb839917000-7fb839919000 r--s 0000f000 08:01 9445413                    /home/grey/.gradle/wrapper/dists/gradle-2.14.1-all/8bnwg5hd3w55iofp58khbp6yv/gradle-2.14.1/lib/reflectasm-1.07-shaded.jar
7fb839919000-7fb83991d000 r--s 00026000 08:01 9445401                    /home/grey/.gradle/wrapper/dists/gradle-2.14.1-all/8bnwg5hd3w55iofp58khbp6yv/gradle-2.14.1/lib/kryo-2.20.jar
7fb83991d000-7fb839923000 r--s 00025000 08:01 9445390                    /home/grey/.gradle/wrapper/dists/gradle-2.14.1-all/8bnwg5hd3w55iofp58khbp6yv/gradle-2.14.1/lib/gradle-messaging-2.14.1.jar
7fb839923000-7fb839924000 r--s 00003000 08:01 9445412                    /home/grey/.gradle/wrapper/dists/gradle-2.14.1-all/8bnwg5hd3w55iofp58khbp6yv/gradle-2.14.1/lib/native-platform-freebsd-amd64-0.10.jar
7fb839924000-7fb839925000 r--s 00003000 08:01 9445411                    /home/grey/.gradle/wrapper/dists/gradle-2.14.1-all/8bnwg5hd3w55iofp58khbp6yv/gradle-2.14.1/lib/native-platform-freebsd-i386-0.10.jar
7fb839925000-7fb839926000 r--s 00005000 08:01 9445410                    /home/grey/.gradle/wrapper/dists/gradle-2.14.1-all/8bnwg5hd3w55iofp58khbp6yv/gradle-2.14.1/lib/native-platform-windows-i386-0.10.jar
7fb839926000-7fb839927000 r--s 00005000 08:01 9445409                    /home/grey/.gradle/wrapper/dists/gradle-2.14.1-all/8bnwg5hd3w55iofp58khbp6yv/gradle-2.14.1/lib/native-platform-windows-amd64-0.10.jar
7fb839927000-7fb839928000 r--s 00003000 08:01 9445408                    /home/grey/.gradle/wrapper/dists/gradle-2.14.1-all/8bnwg5hd3w55iofp58khbp6yv/gradle-2.14.1/lib/native-platform-linux-i386-0.10.jar
7fb839928000-7fb839929000 r--s 00003000 08:01 9445407                    /home/grey/.gradle/wrapper/dists/gradle-2.14.1-all/8bnwg5hd3w55iofp58khbp6yv/gradle-2.14.1/lib/native-platform-linux-amd64-0.10.jar
7fb839929000-7fb83992a000 r--s 00002000 08:01 9445406                    /home/grey/.gradle/wrapper/dists/gradle-2.14.1-all/8bnwg5hd3w55iofp58khbp6yv/gradle-2.14.1/lib/native-platform-osx-amd64-0.10.jar
7fb83992a000-7fb83992c000 r--s 00008000 08:01 9445399                    /home/grey/.gradle/wrapper/dists/gradle-2.14.1-all/8bnwg5hd3w55iofp58khbp6yv/gradle-2.14.1/lib/jansi-1.2.1.jar
7fb83992c000-7fb83992f000 r--s 0000d000 08:01 9445398                    /home/grey/.gradle/wrapper/dists/gradle-2.14.1-all/8bnwg5hd3w55iofp58khbp6yv/gradle-2.14.1/lib/native-platform-0.10.jar
7fb83992f000-7fb839933000 r--s 000e4000 08:01 9445397                    /home/grey/.gradle/wrapper/dists/gradle-2.14.1-all/8bnwg5hd3w55iofp58khbp6yv/gradle-2.14.1/lib/jna-3.2.7.jar
7fb839933000-7fb839935000 r--s 00009000 08:01 9445375                    /home/grey/.gradle/wrapper/dists/gradle-2.14.1-all/8bnwg5hd3w55iofp58khbp6yv/gradle-2.14.1/lib/gradle-native-2.14.1.jar
7fb839935000-7fb839944000 r--s 00080000 08:01 9445381                    /home/grey/.gradle/wrapper/dists/gradle-2.14.1-all/8bnwg5hd3w55iofp58khbp6yv/gradle-2.14.1/lib/gradle-model-core-2.14.1.jar
7fb839944000-7fb8399b3000 r--s 0063e000 08:01 9445380                    /home/grey/.gradle/wrapper/dists/gradle-2.14.1-all/8bnwg5hd3w55iofp58khbp6yv/gradle-2.14.1/lib/groovy-all-2.4.4.jar
7fb8399b3000-7fb8399db000 r--s 001cf000 08:01 9445377                    /home/grey/.gradle/wrapper/dists/gradle-2.14.1-all/8bnwg5hd3w55iofp58khbp6yv/gradle-2.14.1/lib/guava-jdk5-17.0.jar
7fb8399db000-7fb8399fa000 r--s 001d1000 08:01 9445384                    /home/grey/.gradle/wrapper/dists/gradle-2.14.1-all/8bnwg5hd3w55iofp58khbp6yv/gradle-2.14.1/lib/ant-1.9.6.jar
7fb8399fa000-7fb839a31000 r--s 001bd000 08:01 9445371                    /home/grey/.gradle/wrapper/dists/gradle-2.14.1-all/8bnwg5hd3w55iofp58khbp6yv/gradle-2.14.1/lib/gradle-core-2.14.1.jar
7fb839a31000-7fb839a42000 r-xp 00000000 08:01 11404445                   /usr/lib/jvm/java-7-openjdk-amd64/jre/lib/amd64/libnio.so
7fb839a42000-7fb839c41000 ---p 00011000 08:01 11404445                   /usr/lib/jvm/java-7-openjdk-amd64/jre/lib/amd64/libnio.so
7fb839c41000-7fb839c42000 r--p 00010000 08:01 11404445                   /usr/lib/jvm/java-7-openjdk-amd64/jre/lib/amd64/libnio.so
7fb839c42000-7fb839c43000 rw-p 00011000 08:01 11404445                   /usr/lib/jvm/java-7-openjdk-amd64/jre/lib/amd64/libnio.so
7fb839c43000-7fb839f44000 rw-p 00000000 00:00 0 
7fb839f44000-7fb839fb2000 r-xp 00000000 08:01 8393284                    /lib/x86_64-linux-gnu/libpcre.so.3.13.2
7fb839fb2000-7fb83a1b2000 ---p 0006e000 08:01 8393284                    /lib/x86_64-linux-gnu/libpcre.so.3.13.2
7fb83a1b2000-7fb83a1b3000 r--p 0006e000 08:01 8393284                    /lib/x86_64-linux-gnu/libpcre.so.3.13.2
7fb83a1b3000-7fb83a1b4000 rw-p 0006f000 08:01 8393284                    /lib/x86_64-linux-gnu/libpcre.so.3.13.2
7fb83a1b4000-7fb83a1bb000 r-xp 00000000 08:01 11280700                   /usr/lib/x86_64-linux-gnu/libffi.so.6.0.4
7fb83a1bb000-7fb83a3ba000 ---p 00007000 08:01 11280700                   /usr/lib/x86_64-linux-gnu/libffi.so.6.0.4
7fb83a3ba000-7fb83a3bb000 r--p 00006000 08:01 11280700                   /usr/lib/x86_64-linux-gnu/libffi.so.6.0.4
7fb83a3bb000-7fb83a3bc000 rw-p 00007000 08:01 11280700                   /usr/lib/x86_64-linux-gnu/libffi.so.6.0.4
7fb83a3bc000-7fb83a3d3000 r-xp 00000000 08:01 8393055                    /lib/x86_64-linux-gnu/libresolv-2.23.so
7fb83a3d3000-7fb83a5d3000 ---p 00017000 08:01 8393055                    /lib/x86_64-linux-gnu/libresolv-2.23.so
7fb83a5d3000-7fb83a5d4000 r--p 00017000 08:01 8393055                    /lib/x86_64-linux-gnu/libresolv-2.23.so
7fb83a5d4000-7fb83a5d5000 rw-p 00018000 08:01 8393055                    /lib/x86_64-linux-gnu/libresolv-2.23.so
7fb83a5d5000-7fb83a5d7000 rw-p 00000000 00:00 0 
7fb83a5d7000-7fb83a5f6000 r-xp 00000000 08:01 8393313                    /lib/x86_64-linux-gnu/libselinux.so.1
7fb83a5f6000-7fb83a7f5000 ---p 0001f000 08:01 8393313                    /lib/x86_64-linux-gnu/libselinux.so.1
7fb83a7f5000-7fb83a7f6000 r--p 0001e000 08:01 8393313                    /lib/x86_64-linux-gnu/libselinux.so.1
7fb83a7f6000-7fb83a7f7000 rw-p 0001f000 08:01 8393313                    /lib/x86_64-linux-gnu/libselinux.so.1
7fb83a7f7000-7fb83a7f9000 rw-p 00000000 00:00 0 
7fb83a7f9000-7fb83a7fc000 r-xp 00000000 08:01 11280831                   /usr/lib/x86_64-linux-gnu/libgmodule-2.0.so.0.4800.2
7fb83a7fc000-7fb83a9fb000 ---p 00003000 08:01 11280831                   /usr/lib/x86_64-linux-gnu/libgmodule-2.0.so.0.4800.2
7fb83a9fb000-7fb83a9fc000 r--p 00002000 08:01 11280831                   /usr/lib/x86_64-linux-gnu/libgmodule-2.0.so.0.4800.2
7fb83a9fc000-7fb83a9fd000 rw-p 00003000 08:01 11280831                   /usr/lib/x86_64-linux-gnu/libgmodule-2.0.so.0.4800.2
7fb83a9fd000-7fb83ab0c000 r-xp 00000000 08:01 8393197                    /lib/x86_64-linux-gnu/libglib-2.0.so.0.4800.2
7fb83ab0c000-7fb83ad0b000 ---p 0010f000 08:01 8393197                    /lib/x86_64-linux-gnu/libglib-2.0.so.0.4800.2
7fb83ad0b000-7fb83ad0c000 r--p 0010e000 08:01 8393197                    /lib/x86_64-linux-gnu/libglib-2.0.so.0.4800.2
7fb83ad0c000-7fb83ad0d000 rw-p 0010f000 08:01 8393197                    /lib/x86_64-linux-gnu/libglib-2.0.so.0.4800.2
7fb83ad0d000-7fb83ad0e000 rw-p 00000000 00:00 0 
7fb83ad0e000-7fb83ad60000 r-xp 00000000 08:01 11280855                   /usr/lib/x86_64-linux-gnu/libgobject-2.0.so.0.4800.2
7fb83ad60000-7fb83af5f000 ---p 00052000 08:01 11280855                   /usr/lib/x86_64-linux-gnu/libgobject-2.0.so.0.4800.2
7fb83af5f000-7fb83af60000 r--p 00051000 08:01 11280855                   /usr/lib/x86_64-linux-gnu/libgobject-2.0.so.0.4800.2
7fb83af60000-7fb83af61000 rw-p 00052000 08:01 11280855                   /usr/lib/x86_64-linux-gnu/libgobject-2.0.so.0.4800.2
7fb83af61000-7fb83b0e1000 r-xp 00000000 08:01 11280817                   /usr/lib/x86_64-linux-gnu/libgio-2.0.so.0.4800.2
7fb83b0e1000-7fb83b2e1000 ---p 00180000 08:01 11280817                   /usr/lib/x86_64-linux-gnu/libgio-2.0.so.0.4800.2
7fb83b2e1000-7fb83b2e5000 r--p 00180000 08:01 11280817                   /usr/lib/x86_64-linux-gnu/libgio-2.0.so.0.4800.2
7fb83b2e5000-7fb83b2e7000 rw-p 00184000 08:01 11280817                   /usr/lib/x86_64-linux-gnu/libgio-2.0.so.0.4800.2
7fb83b2e7000-7fb83b2e9000 rw-p 00000000 00:00 0 
7fb83b2e9000-7fb83b2ea000 r--s 00002000 08:01 9445405                    /home/grey/.gradle/wrapper/dists/gradle-2.14.1-all/8bnwg5hd3w55iofp58khbp6yv/gradle-2.14.1/lib/native-platform-osx-i386-0.10.jar
7fb83b2ea000-7fb83b2ec000 r--s 00005000 08:01 9445372                    /home/grey/.gradle/wrapper/dists/gradle-2.14.1-all/8bnwg5hd3w55iofp58khbp6yv/gradle-2.14.1/lib/gradle-cli-2.14.1.jar
7fb83b2ec000-7fb83b2f0000 r--s 00027000 08:01 9445386                    /home/grey/.gradle/wrapper/dists/gradle-2.14.1-all/8bnwg5hd3w55iofp58khbp6yv/gradle-2.14.1/lib/commons-io-2.2.jar
7fb83b2f0000-7fb83b2fd000 r--s 00083000 08:01 9445385                    /home/grey/.gradle/wrapper/dists/gradle-2.14.1-all/8bnwg5hd3w55iofp58khbp6yv/gradle-2.14.1/lib/commons-collections-3.2.2.jar
7fb83b2fd000-7fb83b302000 r--s 00038000 08:01 9445383                    /home/grey/.gradle/wrapper/dists/gradle-2.14.1-all/8bnwg5hd3w55iofp58khbp6yv/gradle-2.14.1/lib/asm-all-5.1.jar
7fb83b302000-7fb83b307000 r--s 00041000 08:01 9445378                    /home/grey/.gradle/wrapper/dists/gradle-2.14.1-all/8bnwg5hd3w55iofp58khbp6yv/gradle-2.14.1/lib/commons-lang-2.6.jar
7fb83b307000-7fb83b31e000 r-xp 00000000 08:01 11404421                   /usr/lib/jvm/java-7-openjdk-amd64/jre/lib/amd64/libnet.so
7fb83b31e000-7fb83b51e000 ---p 00017000 08:01 11404421                   /usr/lib/jvm/java-7-openjdk-amd64/jre/lib/amd64/libnet.so
7fb83b51e000-7fb83b51f000 r--p 00017000 08:01 11404421                   /usr/lib/jvm/java-7-openjdk-amd64/jre/lib/amd64/libnet.so
7fb83b51f000-7fb83b520000 rw-p 00018000 08:01 11404421                   /usr/lib/jvm/java-7-openjdk-amd64/jre/lib/amd64/libnet.so
7fb83b520000-7fb83b521000 ---p 00000000 00:00 0 
7fb83b521000-7fb83b621000 rw-p 00000000 00:00 0 
7fb83b621000-7fb83b624000 ---p 00000000 00:00 0 
7fb83b624000-7fb83b722000 rw-p 00000000 00:00 0 
7fb83b722000-7fb83b725000 ---p 00000000 00:00 0 
7fb83b725000-7fb83b823000 rw-p 00000000 00:00 0 
7fb83b823000-7fb83b826000 ---p 00000000 00:00 0 
7fb83b826000-7fb83b924000 rw-p 00000000 00:00 0 
7fb83b924000-7fb83b927000 ---p 00000000 00:00 0 
7fb83b927000-7fb83ba25000 rw-p 00000000 00:00 0 
7fb83ba25000-7fb83bcfd000 r--p 00000000 08:01 11279001                   /usr/lib/locale/locale-archive
7fb83bcfd000-7fb83bd00000 ---p 00000000 00:00 0 
7fb83bd00000-7fb83bdfe000 rw-p 00000000 00:00 0 
7fb83bdfe000-7fb83be01000 ---p 00000000 00:00 0 
7fb83be01000-7fb83beff000 rw-p 00000000 00:00 0 
7fb83beff000-7fb83bf00000 ---p 00000000 00:00 0 
7fb83bf00000-7fb83c000000 rw-p 00000000 00:00 0 
7fb83c000000-7fb83c021000 rw-p 00000000 00:00 0 
7fb83c021000-7fb840000000 ---p 00000000 00:00 0 
7fb840000000-7fb840021000 rw-p 00000000 00:00 0 
7fb840021000-7fb844000000 ---p 00000000 00:00 0 
7fb844000000-7fb844021000 rw-p 00000000 00:00 0 
7fb844021000-7fb848000000 ---p 00000000 00:00 0 
7fb848000000-7fb848002000 r--s 00007000 08:01 9445382                    /home/grey/.gradle/wrapper/dists/gradle-2.14.1-all/8bnwg5hd3w55iofp58khbp6yv/gradle-2.14.1/lib/gradle-model-groovy-2.14.1.jar
7fb848002000-7fb848003000 r--s 00006000 08:01 9445389                    /home/grey/.gradle/wrapper/dists/gradle-2.14.1-all/8bnwg5hd3w55iofp58khbp6yv/gradle-2.14.1/lib/gradle-base-services-groovy-2.14.1.jar
7fb848003000-7fb849000000 rw-p 00000000 00:00 0 
7fb849000000-7fb849270000 rwxp 00000000 00:00 0 
7fb849270000-7fb84d0b5000 rw-p 00000000 00:00 0 
7fb84d0b5000-7fb850000000 ---p 00000000 00:00 0 
7fb850000000-7fb850001000 r--s 00002000 08:01 9445393                    /home/grey/.gradle/wrapper/dists/gradle-2.14.1-all/8bnwg5hd3w55iofp58khbp6yv/gradle-2.14.1/lib/gradle-docs-2.14.1.jar
7fb850001000-7fb850002000 r--s 00000000 08:01 9445388                    /home/grey/.gradle/wrapper/dists/gradle-2.14.1-all/8bnwg5hd3w55iofp58khbp6yv/gradle-2.14.1/lib/javax.inject-1.jar
7fb850002000-7fb850003000 r--s 00000000 08:01 9445387                    /home/grey/.gradle/wrapper/dists/gradle-2.14.1-all/8bnwg5hd3w55iofp58khbp6yv/gradle-2.14.1/lib/jcip-annotations-1.0.jar
7fb850003000-7fb850004000 r--s 00001000 08:01 9445379                    /home/grey/.gradle/wrapper/dists/gradle-2.14.1-all/8bnwg5hd3w55iofp58khbp6yv/gradle-2.14.1/lib/gradle-process-services-2.14.1.jar
7fb850004000-7fb85000c000 r--s 0003a000 08:01 9445369                    /home/grey/.gradle/wrapper/dists/gradle-2.14.1-all/8bnwg5hd3w55iofp58khbp6yv/gradle-2.14.1/lib/gradle-base-services-2.14.1.jar
7fb85000c000-7fb850017000 r--s 00051000 08:01 9445366                    /home/grey/.gradle/wrapper/dists/gradle-2.14.1-all/8bnwg5hd3w55iofp58khbp6yv/gradle-2.14.1/lib/gradle-launcher-2.14.1.jar
7fb850017000-7fb85001b000 r--s 0004f000 08:01 11285414                   /usr/lib/jvm/java-7-openjdk-amd64/jre/lib/jsse.jar
7fb85001b000-7fb8501cc000 r--s 01d30000 08:01 11285408                   /usr/lib/jvm/java-7-openjdk-amd64/jre/lib/rt.jar
7fb8501cc000-7fb852371000 rw-p 00000000 00:00 0 
7fb852371000-7fb852372000 ---p 00000000 00:00 0 
7fb852372000-7fb852472000 rw-p 00000000 00:00 0 
7fb852472000-7fb852473000 ---p 00000000 00:00 0 
7fb852473000-7fb852573000 rw-p 00000000 00:00 0 
7fb852573000-7fb852574000 ---p 00000000 00:00 0 
7fb852574000-7fb852674000 rw-p 00000000 00:00 0 
7fb852674000-7fb852675000 ---p 00000000 00:00 0 
7fb852675000-7fb852781000 rw-p 00000000 00:00 0 
7fb852781000-7fb8527c8000 rw-p 00000000 00:00 0 
7fb8527c8000-7fb8527d9000 rw-p 00000000 00:00 0 
7fb8527d9000-7fb8528d9000 rw-p 00000000 00:00 0 
7fb8528d9000-7fb8528e5000 rw-p 00000000 00:00 0 
7fb8528e5000-7fb85292c000 rw-p 00000000 00:00 0 
7fb85292c000-7fb85293d000 rw-p 00000000 00:00 0 
7fb85293d000-7fb852a3c000 rw-p 00000000 00:00 0 
7fb852a3c000-7fb852a5e000 rw-p 00000000 00:00 0 
7fb852a5e000-7fb852ac5000 rw-p 00000000 00:00 0 
7fb852ac5000-7fb852ac6000 rw-p 00000000 00:00 0 
7fb852ac6000-7fb852ace000 r-xp 00000000 08:01 11404427                   /usr/lib/jvm/java-7-openjdk-amd64/jre/lib/amd64/libzip.so
7fb852ace000-7fb852ccd000 ---p 00008000 08:01 11404427                   /usr/lib/jvm/java-7-openjdk-amd64/jre/lib/amd64/libzip.so
7fb852ccd000-7fb852cce000 r--p 00007000 08:01 11404427                   /usr/lib/jvm/java-7-openjdk-amd64/jre/lib/amd64/libzip.so
7fb852cce000-7fb852ccf000 rw-p 00008000 08:01 11404427                   /usr/lib/jvm/java-7-openjdk-amd64/jre/lib/amd64/libzip.so
7fb852ccf000-7fb852cda000 r-xp 00000000 08:01 8388698                    /lib/x86_64-linux-gnu/libnss_files-2.23.so
7fb852cda000-7fb852ed9000 ---p 0000b000 08:01 8388698                    /lib/x86_64-linux-gnu/libnss_files-2.23.so
7fb852ed9000-7fb852eda000 r--p 0000a000 08:01 8388698                    /lib/x86_64-linux-gnu/libnss_files-2.23.so
7fb852eda000-7fb852edb000 rw-p 0000b000 08:01 8388698                    /lib/x86_64-linux-gnu/libnss_files-2.23.so
7fb852edb000-7fb852ee1000 rw-p 00000000 00:00 0 
7fb852ee1000-7fb852eec000 r-xp 00000000 08:01 8388691                    /lib/x86_64-linux-gnu/libnss_nis-2.23.so
7fb852eec000-7fb8530eb000 ---p 0000b000 08:01 8388691                    /lib/x86_64-linux-gnu/libnss_nis-2.23.so
7fb8530eb000-7fb8530ec000 r--p 0000a000 08:01 8388691                    /lib/x86_64-linux-gnu/libnss_nis-2.23.so
7fb8530ec000-7fb8530ed000 rw-p 0000b000 08:01 8388691                    /lib/x86_64-linux-gnu/libnss_nis-2.23.so
7fb8530ed000-7fb853103000 r-xp 00000000 08:01 8388693                    /lib/x86_64-linux-gnu/libnsl-2.23.so
7fb853103000-7fb853302000 ---p 00016000 08:01 8388693                    /lib/x86_64-linux-gnu/libnsl-2.23.so
7fb853302000-7fb853303000 r--p 00015000 08:01 8388693                    /lib/x86_64-linux-gnu/libnsl-2.23.so
7fb853303000-7fb853304000 rw-p 00016000 08:01 8388693                    /lib/x86_64-linux-gnu/libnsl-2.23.so
7fb853304000-7fb853306000 rw-p 00000000 00:00 0 
7fb853306000-7fb85330e000 r-xp 00000000 08:01 8388700                    /lib/x86_64-linux-gnu/libnss_compat-2.23.so
7fb85330e000-7fb85350d000 ---p 00008000 08:01 8388700                    /lib/x86_64-linux-gnu/libnss_compat-2.23.so
7fb85350d000-7fb85350e000 r--p 00007000 08:01 8388700                    /lib/x86_64-linux-gnu/libnss_compat-2.23.so
7fb85350e000-7fb85350f000 rw-p 00008000 08:01 8388700                    /lib/x86_64-linux-gnu/libnss_compat-2.23.so
7fb85350f000-7fb85353b000 r-xp 00000000 08:01 11404412                   /usr/lib/jvm/java-7-openjdk-amd64/jre/lib/amd64/libjava.so
7fb85353b000-7fb85373a000 ---p 0002c000 08:01 11404412                   /usr/lib/jvm/java-7-openjdk-amd64/jre/lib/amd64/libjava.so
7fb85373a000-7fb85373b000 r--p 0002b000 08:01 11404412                   /usr/lib/jvm/java-7-openjdk-amd64/jre/lib/amd64/libjava.so
7fb85373b000-7fb85373d000 rw-p 0002c000 08:01 11404412                   /usr/lib/jvm/java-7-openjdk-amd64/jre/lib/amd64/libjava.so
7fb85373d000-7fb85374c000 r-xp 00000000 08:01 11404413                   /usr/lib/jvm/java-7-openjdk-amd64/jre/lib/amd64/libverify.so
7fb85374c000-7fb85394b000 ---p 0000f000 08:01 11404413                   /usr/lib/jvm/java-7-openjdk-amd64/jre/lib/amd64/libverify.so
7fb85394b000-7fb85394d000 r--p 0000e000 08:01 11404413                   /usr/lib/jvm/java-7-openjdk-amd64/jre/lib/amd64/libverify.so
7fb85394d000-7fb85394e000 rw-p 00010000 08:01 11404413                   /usr/lib/jvm/java-7-openjdk-amd64/jre/lib/amd64/libverify.so
7fb85394e000-7fb853955000 r-xp 00000000 08:01 8388701                    /lib/x86_64-linux-gnu/librt-2.23.so
7fb853955000-7fb853b54000 ---p 00007000 08:01 8388701                    /lib/x86_64-linux-gnu/librt-2.23.so
7fb853b54000-7fb853b55000 r--p 00006000 08:01 8388701                    /lib/x86_64-linux-gnu/librt-2.23.so
7fb853b55000-7fb853b56000 rw-p 00007000 08:01 8388701                    /lib/x86_64-linux-gnu/librt-2.23.so
7fb853b56000-7fb853b6c000 r-xp 00000000 08:01 8393193                    /lib/x86_64-linux-gnu/libgcc_s.so.1
7fb853b6c000-7fb853d6b000 ---p 00016000 08:01 8393193                    /lib/x86_64-linux-gnu/libgcc_s.so.1
7fb853d6b000-7fb853d6c000 rw-p 00015000 08:01 8393193                    /lib/x86_64-linux-gnu/libgcc_s.so.1
7fb853d6c000-7fb853e74000 r-xp 00000000 08:01 8388692                    /lib/x86_64-linux-gnu/libm-2.23.so
7fb853e74000-7fb854073000 ---p 00108000 08:01 8388692                    /lib/x86_64-linux-gnu/libm-2.23.so
7fb854073000-7fb854074000 r--p 00107000 08:01 8388692                    /lib/x86_64-linux-gnu/libm-2.23.so
7fb854074000-7fb854075000 rw-p 00108000 08:01 8388692                    /lib/x86_64-linux-gnu/libm-2.23.so
7fb854075000-7fb8541e7000 r-xp 00000000 08:01 11281475                   /usr/lib/x86_64-linux-gnu/libstdc++.so.6.0.21
7fb8541e7000-7fb8543e7000 ---p 00172000 08:01 11281475                   /usr/lib/x86_64-linux-gnu/libstdc++.so.6.0.21
7fb8543e7000-7fb8543f1000 r--p 00172000 08:01 11281475                   /usr/lib/x86_64-linux-gnu/libstdc++.so.6.0.21
7fb8543f1000-7fb8543f3000 rw-p 0017c000 08:01 11281475                   /usr/lib/x86_64-linux-gnu/libstdc++.so.6.0.21
7fb8543f3000-7fb8543f7000 rw-p 00000000 00:00 0 
7fb8543f7000-7fb854f47000 r-xp 00000000 08:01 11404425                   /usr/lib/jvm/java-7-openjdk-amd64/jre/lib/amd64/server/libjvm.so
7fb854f47000-7fb855146000 ---p 00b50000 08:01 11404425                   /usr/lib/jvm/java-7-openjdk-amd64/jre/lib/amd64/server/libjvm.so
7fb855146000-7fb8551d7000 r--p 00b4f000 08:01 11404425                   /usr/lib/jvm/java-7-openjdk-amd64/jre/lib/amd64/server/libjvm.so
7fb8551d7000-7fb8551fa000 rw-p 00be0000 08:01 11404425                   /usr/lib/jvm/java-7-openjdk-amd64/jre/lib/amd64/server/libjvm.so
7fb8551fa000-7fb855225000 rw-p 00000000 00:00 0 
7fb855225000-7fb85523e000 r-xp 00000000 08:01 8397618                    /lib/x86_64-linux-gnu/libz.so.1.2.8
7fb85523e000-7fb85543d000 ---p 00019000 08:01 8397618                    /lib/x86_64-linux-gnu/libz.so.1.2.8
7fb85543d000-7fb85543e000 r--p 00018000 08:01 8397618                    /lib/x86_64-linux-gnu/libz.so.1.2.8
7fb85543e000-7fb85543f000 rw-p 00019000 08:01 8397618                    /lib/x86_64-linux-gnu/libz.so.1.2.8
7fb85543f000-7fb855457000 r-xp 00000000 08:01 8388705                    /lib/x86_64-linux-gnu/libpthread-2.23.so
7fb855457000-7fb855656000 ---p 00018000 08:01 8388705                    /lib/x86_64-linux-gnu/libpthread-2.23.so
7fb855656000-7fb855657000 r--p 00017000 08:01 8388705                    /lib/x86_64-linux-gnu/libpthread-2.23.so
7fb855657000-7fb855658000 rw-p 00018000 08:01 8388705                    /lib/x86_64-linux-gnu/libpthread-2.23.so
7fb855658000-7fb85565c000 rw-p 00000000 00:00 0 
7fb85565c000-7fb85565f000 r-xp 00000000 08:01 8388633                    /lib/x86_64-linux-gnu/libdl-2.23.so
7fb85565f000-7fb85585e000 ---p 00003000 08:01 8388633                    /lib/x86_64-linux-gnu/libdl-2.23.so
7fb85585e000-7fb85585f000 r--p 00002000 08:01 8388633                    /lib/x86_64-linux-gnu/libdl-2.23.so
7fb85585f000-7fb855860000 rw-p 00003000 08:01 8388633                    /lib/x86_64-linux-gnu/libdl-2.23.so
7fb855860000-7fb855a1f000 r-xp 00000000 08:01 8388694                    /lib/x86_64-linux-gnu/libc-2.23.so
7fb855a1f000-7fb855c1f000 ---p 001bf000 08:01 8388694                    /lib/x86_64-linux-gnu/libc-2.23.so
7fb855c1f000-7fb855c23000 r--p 001bf000 08:01 8388694                    /lib/x86_64-linux-gnu/libc-2.23.so
7fb855c23000-7fb855c25000 rw-p 001c3000 08:01 8388694                    /lib/x86_64-linux-gnu/libc-2.23.so
7fb855c25000-7fb855c29000 rw-p 00000000 00:00 0 
7fb855c29000-7fb855c36000 r-xp 00000000 08:01 11404442                   /usr/lib/jvm/java-7-openjdk-amd64/jre/lib/amd64/jli/libjli.so
7fb855c36000-7fb855e35000 ---p 0000d000 08:01 11404442                   /usr/lib/jvm/java-7-openjdk-amd64/jre/lib/amd64/jli/libjli.so
7fb855e35000-7fb855e36000 r--p 0000c000 08:01 11404442                   /usr/lib/jvm/java-7-openjdk-amd64/jre/lib/amd64/jli/libjli.so
7fb855e36000-7fb855e37000 rw-p 0000d000 08:01 11404442                   /usr/lib/jvm/java-7-openjdk-amd64/jre/lib/amd64/jli/libjli.so
7fb855e37000-7fb855e5d000 r-xp 00000000 08:01 8388695                    /lib/x86_64-linux-gnu/ld-2.23.so
7fb855e5d000-7fb855e5e000 r--s 00000000 08:01 9445370                    /home/grey/.gradle/wrapper/dists/gradle-2.14.1-all/8bnwg5hd3w55iofp58khbp6yv/gradle-2.14.1/lib/gradle-jvm-services-2.14.1.jar
7fb855e5e000-7fb855e5f000 r--s 00007000 08:01 9445376                    /home/grey/.gradle/wrapper/dists/gradle-2.14.1-all/8bnwg5hd3w55iofp58khbp6yv/gradle-2.14.1/lib/slf4j-api-1.7.10.jar
7fb855e5f000-7fb855e60000 r--s 00004000 08:01 9445400                    /home/grey/.gradle/wrapper/dists/gradle-2.14.1-all/8bnwg5hd3w55iofp58khbp6yv/gradle-2.14.1/lib/ant-launcher-1.9.6.jar
7fb855e60000-7fb855e62000 r--s 0000b000 08:01 13636883                   /home/grey/Desktop/later-chat/LaterChat/android/gradle/wrapper/gradle-wrapper.jar
7fb855e62000-7fb855e63000 r--s 00002000 08:01 11404463                   /usr/lib/jvm/java-7-openjdk-amd64/jre/lib/ext/dnsns.jar
7fb855e63000-7fb855e67000 r--s 00085000 08:01 11404467                   /usr/lib/jvm/java-7-openjdk-amd64/jre/lib/ext/localedata.jar
7fb855e67000-7fb855e69000 r--s 00007000 08:01 11808497                   /usr/share/java/java-atk-wrapper.jar
7fb855e69000-7fb855e6d000 r--s 0003c000 08:01 11404468                   /usr/lib/jvm/java-7-openjdk-amd64/jre/lib/ext/sunpkcs11.jar
7fb855e6d000-7fb855e70000 r--s 0000f000 08:01 11404466                   /usr/lib/jvm/java-7-openjdk-amd64/jre/lib/ext/icedtea-sound.jar
7fb855e70000-7fb855e74000 r--s 00034000 08:01 11404465                   /usr/lib/jvm/java-7-openjdk-amd64/jre/lib/ext/sunjce_provider.jar
7fb855e74000-7fb855e76000 r--s 00012000 08:01 11404464                   /usr/lib/jvm/java-7-openjdk-amd64/jre/lib/ext/zipfs.jar
7fb855e76000-7fb855e80000 rw-p 00000000 00:00 0 
7fb855e80000-7fb855f36000 rw-p 00000000 00:00 0 
7fb855f36000-7fb855f39000 ---p 00000000 00:00 0 
7fb855f39000-7fb856050000 rw-p 00000000 00:00 0 
7fb856050000-7fb856058000 rw-s 00000000 08:01 5644390                    /tmp/hsperfdata_grey/22356
7fb856058000-7fb856059000 rw-p 00000000 00:00 0 
7fb856059000-7fb85605a000 ---p 00000000 00:00 0 
7fb85605a000-7fb85605c000 rw-p 00000000 00:00 0 
7fb85605c000-7fb85605d000 r--p 00025000 08:01 8388695                    /lib/x86_64-linux-gnu/ld-2.23.so
7fb85605d000-7fb85605e000 rw-p 00026000 08:01 8388695                    /lib/x86_64-linux-gnu/ld-2.23.so
7fb85605e000-7fb85605f000 rw-p 00000000 00:00 0 
7ffe5ab86000-7ffe5aba8000 rw-p 00000000 00:00 0                          [stack]
7ffe5abea000-7ffe5abec000 r--p 00000000 00:00 0                          [vvar]
7ffe5abec000-7ffe5abee000 r-xp 00000000 00:00 0                          [vdso]
ffffffffff600000-ffffffffff601000 r-xp 00000000 00:00 0                  [vsyscall]

VM Arguments:
jvm_args: -Dorg.gradle.appname=gradlew 
java_command: org.gradle.wrapper.GradleWrapperMain installDebug
Launcher Type: SUN_STANDARD

Environment Variables:
JAVA_HOME=/usr/lib/jvm/java-1.7.0-openjdk-amd64
PATH=/home/grey/.nvm/versions/node/v7.8.0/bin:/usr/local/heroku/bin:/home/grey/bin:/home/grey/.local/bin:/usr/local/sbin:/usr/local/bin:/usr/sbin:/usr/bin:/sbin:/bin:/usr/games:/usr/local/games:/snap/bin:/home/grey/Android/Sdk/tools:/home/grey/Android/Sdk/platform-tools:/usr/lib/jvm/java-1.7.0-openjdk-amd64
SHELL=/bin/bash
DISPLAY=:0

Signal Handlers:
SIGSEGV: [libjvm.so+0x994310], sa_mask[0]=0x7ffbfeff, sa_flags=0x10000004
SIGBUS: [libjvm.so+0x994310], sa_mask[0]=0x7ffbfeff, sa_flags=0x10000004
SIGFPE: [libjvm.so+0x7fb870], sa_mask[0]=0x7ffbfeff, sa_flags=0x10000004
SIGPIPE: [libjvm.so+0x7fb870], sa_mask[0]=0x7ffbfeff, sa_flags=0x10000004
SIGXFSZ: [libjvm.so+0x7fb870], sa_mask[0]=0x7ffbfeff, sa_flags=0x10000004
SIGILL: [libjvm.so+0x7fb870], sa_mask[0]=0x7ffbfeff, sa_flags=0x10000004
SIGUSR1: SIG_DFL, sa_mask[0]=0x00000000, sa_flags=0x00000000
SIGUSR2: [libjvm.so+0x7fb6f0], sa_mask[0]=0x00000000, sa_flags=0x10000004
SIGHUP: [libjvm.so+0x7fb880], sa_mask[0]=0x7ffbfeff, sa_flags=0x10000004
SIGINT: [libjvm.so+0x7fb880], sa_mask[0]=0x7ffbfeff, sa_flags=0x10000004
SIGTERM: [libjvm.so+0x7fb880], sa_mask[0]=0x7ffbfeff, sa_flags=0x10000004
SIGQUIT: [libjvm.so+0x7fb880], sa_mask[0]=0x7ffbfeff, sa_flags=0x10000004
SIGTRAP: SIG_DFL, sa_mask[0]=0x00000000, sa_flags=0x00000000


---------------  S Y S T E M  ---------------

OS:Ubuntu 16.04 (xenial)
uname:Linux 4.8.0-52-generic #55~16.04.1-Ubuntu SMP Fri Apr 28 14:36:29 UTC 2017 x86_64
libc:glibc 2.23 NPTL 2.23 
rlimit: STACK 8192k, CORE 0k, NPROC 12917, NOFILE 65536, AS infinity
load average:20.53 9.20 5.13

/proc/meminfo:
MemTotal:        3349444 kB
MemFree:           82724 kB
MemAvailable:       6120 kB
Buffers:             628 kB
Cached:           454628 kB
SwapCached:         1884 kB
Active:          2406484 kB
Inactive:         614628 kB
Active(anon):    2388348 kB
Inactive(anon):   596692 kB
Active(file):      18136 kB
Inactive(file):    17936 kB
Unevictable:         200 kB
Mlocked:             200 kB
SwapTotal:       3487740 kB
SwapFree:              0 kB
Dirty:                 0 kB
Writeback:            52 kB
AnonPages:       2565556 kB
Mapped:            34436 kB
Shmem:            418868 kB
Slab:              96748 kB
SReclaimable:      42768 kB
SUnreclaim:        53980 kB
KernelStack:       15168 kB
PageTables:        69764 kB
NFS_Unstable:          0 kB
Bounce:                0 kB
WritebackTmp:          0 kB
CommitLimit:     5162460 kB
Committed_AS:   14493856 kB
VmallocTotal:   34359738367 kB
VmallocUsed:           0 kB
VmallocChunk:          0 kB
HardwareCorrupted:     0 kB
AnonHugePages:     55296 kB
ShmemHugePages:        0 kB
ShmemPmdMapped:        0 kB
CmaTotal:              0 kB
CmaFree:               0 kB
HugePages_Total:       0
HugePages_Free:        0
HugePages_Rsvd:        0
HugePages_Surp:        0
Hugepagesize:       2048 kB
DirectMap4k:      166892 kB
DirectMap2M:     3321856 kB


CPU:total 4 (2 cores per cpu, 2 threads per core) family 6 model 42 stepping 7, cmov, cx8, fxsr, mmx, sse, sse2, sse3, ssse3, sse4.1, sse4.2, popcnt, avx, aes, ht, tsc, tscinvbit

/proc/cpuinfo:
processor	: 0
vendor_id	: GenuineIntel
cpu family	: 6
model		: 42
model name	: Intel(R) Core(TM) i5-2467M CPU @ 1.60GHz
stepping	: 7
microcode	: 0x25
cpu MHz		: 2000.000
cache size	: 3072 KB
physical id	: 0
siblings	: 4
core id		: 0
cpu cores	: 2
apicid		: 0
initial apicid	: 0
fpu		: yes
fpu_exception	: yes
cpuid level	: 13
wp		: yes
flags		: fpu vme de pse tsc msr pae mce cx8 apic sep mtrr pge mca cmov pat pse36 clflush dts acpi mmx fxsr sse sse2 ss ht tm pbe syscall nx rdtscp lm constant_tsc arch_perfmon pebs bts nopl xtopology nonstop_tsc aperfmperf eagerfpu pni pclmulqdq dtes64 monitor ds_cpl vmx est tm2 ssse3 cx16 xtpr pdcm pcid sse4_1 sse4_2 x2apic popcnt tsc_deadline_timer aes xsave avx lahf_lm epb tpr_shadow vnmi flexpriority ept vpid xsaveopt dtherm ida arat pln pts
bugs		:
bogomips	: 3192.85
clflush size	: 64
cache_alignment	: 64
address sizes	: 36 bits physical, 48 bits virtual
power management:

processor	: 1
vendor_id	: GenuineIntel
cpu family	: 6
model		: 42
model name	: Intel(R) Core(TM) i5-2467M CPU @ 1.60GHz
stepping	: 7
microcode	: 0x25
cpu MHz		: 2000.000
cache size	: 3072 KB
physical id	: 0
siblings	: 4
core id		: 0
cpu cores	: 2
apicid		: 1
initial apicid	: 1
fpu		: yes
fpu_exception	: yes
cpuid level	: 13
wp		: yes
flags		: fpu vme de pse tsc msr pae mce cx8 apic sep mtrr pge mca cmov pat pse36 clflush dts acpi mmx fxsr sse sse2 ss ht tm pbe syscall nx rdtscp lm constant_tsc arch_perfmon pebs bts nopl xtopology nonstop_tsc aperfmperf eagerfpu pni pclmulqdq dtes64 monitor ds_cpl vmx est tm2 ssse3 cx16 xtpr pdcm pcid sse4_1 sse4_2 x2apic popcnt tsc_deadline_timer aes xsave avx lahf_lm epb tpr_shadow vnmi flexpriority ept vpid xsaveopt dtherm ida arat pln pts
bugs		:
bogomips	: 3192.85
clflush size	: 64
cache_alignment	: 64
address sizes	: 36 bits physical, 48 bits virtual
power management:

processor	: 2
vendor_id	: GenuineIntel
cpu family	: 6
model		: 42
model name	: Intel(R) Core(TM) i5-2467M CPU @ 1.60GHz
stepping	: 7
microcode	: 0x25
cpu MHz		: 1999.902
cache size	: 3072 KB
physical id	: 0
siblings	: 4
core id		: 1
cpu cores	: 2
apicid		: 2
initial apicid	: 2
fpu		: yes
fpu_exception	: yes
cpuid level	: 13
wp		: yes
flags		: fpu vme de pse tsc msr pae mce cx8 apic sep mtrr pge mca cmov pat pse36 clflush dts acpi mmx fxsr sse sse2 ss ht tm pbe syscall nx rdtscp lm constant_tsc arch_perfmon pebs bts nopl xtopology nonstop_tsc aperfmperf eagerfpu pni pclmulqdq dtes64 monitor ds_cpl vmx est tm2 ssse3 cx16 xtpr pdcm pcid sse4_1 sse4_2 x2apic popcnt tsc_deadline_timer aes xsave avx lahf_lm epb tpr_shadow vnmi flexpriority ept vpid xsaveopt dtherm ida arat pln pts
bugs		:
bogomips	: 3192.85
clflush size	: 64
cache_alignment	: 64
address sizes	: 36 bits physical, 48 bits virtual
power management:

processor	: 3
vendor_id	: GenuineIntel
cpu family	: 6
model		: 42
model name	: Intel(R) Core(TM) i5-2467M CPU @ 1.60GHz
stepping	: 7
microcode	: 0x25
cpu MHz		: 1999.902
cache size	: 3072 KB
physical id	: 0
siblings	: 4
core id		: 1
cpu cores	: 2
apicid		: 3
initial apicid	: 3
fpu		: yes
fpu_exception	: yes
cpuid level	: 13
wp		: yes
flags		: fpu vme de pse tsc msr pae mce cx8 apic sep mtrr pge mca cmov pat pse36 clflush dts acpi mmx fxsr sse sse2 ss ht tm pbe syscall nx rdtscp lm constant_tsc arch_perfmon pebs bts nopl xtopology nonstop_tsc aperfmperf eagerfpu pni pclmulqdq dtes64 monitor ds_cpl vmx est tm2 ssse3 cx16 xtpr pdcm pcid sse4_1 sse4_2 x2apic popcnt tsc_deadline_timer aes xsave avx lahf_lm epb tpr_shadow vnmi flexpriority ept vpid xsaveopt dtherm ida arat pln pts
bugs		:
bogomips	: 3192.85
clflush size	: 64
cache_alignment	: 64
address sizes	: 36 bits physical, 48 bits virtual
power management:



Memory: 4k page, physical 3349444k(82600k free), swap 3487740k(0k free)

vm_info: OpenJDK 64-Bit Server VM (24.95-b01) for linux-amd64 JRE (1.7.0_95-b00), built on Mar 27 2016 12:52:52 by "buildd" with gcc 5.3.1 20160323

time: Mon Jun  5 12:22:39 2017
elapsed time: 9 seconds

